2025-04-23 17:19:07 - INFO - Termina el proceso
2025-04-23 17:19:07 - INFO - Inicia el proceso de extracción
2025-04-23 17:19:07 - INFO - Obteniendo datos de la nube: NET 3
2025-04-23 17:21:42 - INFO - Termina el proceso
2025-04-23 17:21:42 - INFO - Inicia el proceso de extracción
2025-04-23 17:21:42 - INFO - Obteniendo datos de la nube: NET 3
2025-04-23 17:22:16 - INFO - Termina el proceso
2025-04-23 17:22:16 - INFO - Inicia el proceso de extracción
2025-04-23 17:22:16 - INFO - Obteniendo datos de la nube: NET 3
2025-04-23 17:23:24 - INFO - Termina el proceso
2025-04-23 17:23:24 - INFO - Inicia el proceso de extracción
2025-04-23 17:23:24 - INFO - Obteniendo datos de la nube: NET 3
2025-04-23 17:23:25 - INFO - Obteniendo datos de la nube: AMX
2025-04-23 17:23:28 - INFO - Obteniendo datos de la nube: NPE
2025-04-23 17:25:43 - INFO - Termina el proceso
2025-04-23 17:25:43 - INFO - Inicia el proceso de extracción
2025-04-23 17:25:43 - INFO - Obteniendo datos de la nube: NET 3
2025-04-23 17:25:44 - INFO - Obteniendo datos de la nube: AMX
2025-04-23 17:25:45 - INFO - Obteniendo datos de la nube: NPE
2025-04-23 17:26:35 - INFO - Termina el proceso
2025-04-23 17:26:35 - INFO - Inicia el proceso de extracción
2025-04-23 17:26:35 - INFO - Obteniendo datos de la nube: NET 3
2025-04-23 17:26:36 - INFO - Obteniendo datos de la nube: AMX
2025-04-23 17:26:38 - INFO - Obteniendo datos de la nube: NPE
2025-04-23 17:28:48 - INFO - Termina el proceso
2025-04-23 17:28:48 - INFO - Inicia el proceso de extracción
2025-04-23 17:28:48 - INFO - Obteniendo datos de la nube: NET 3
2025-04-23 17:28:50 - INFO - Obteniendo datos de la nube: AMX
2025-04-23 17:28:51 - INFO - Obteniendo datos de la nube: NPE
2025-04-23 17:32:51 - INFO - Termina el proceso
2025-04-23 17:32:51 - INFO - Inicia el proceso de extracción
2025-04-23 17:32:51 - INFO - Obteniendo datos de la nube: NET 3
2025-04-23 17:32:53 - INFO - Obteniendo datos de la nube: AMX
2025-04-23 17:32:55 - INFO - Obteniendo datos de la nube: NPE
2025-04-23 18:05:08 - INFO - Termina el proceso
2025-04-23 18:05:08 - INFO - Inicia el proceso de extracción
2025-04-23 18:05:08 - INFO - Obteniendo datos de la nube: NET 3
2025-04-23 18:05:09 - INFO - Obteniendo datos de la nube: AMX
2025-04-23 18:05:11 - INFO - Obteniendo datos de la nube: NPE
2025-04-23 18:09:50 - INFO - Termina el proceso
2025-04-23 18:09:50 - INFO - Inicia el proceso de extracción
2025-04-23 18:09:50 - INFO - Obteniendo datos de la nube: NET 3
2025-04-23 18:09:50 - INFO - Obteniendo datos de la nube: AMX
2025-04-23 18:09:52 - INFO - Obteniendo datos de la nube: NPE
2025-04-23 18:18:23 - INFO - Termina el proceso
2025-04-23 18:18:23 - INFO - Inicia el proceso de extracción
2025-04-23 18:18:23 - INFO - Obteniendo datos de la nube: NET 3
2025-04-23 18:18:24 - INFO - Obteniendo datos de la nube: AMX
2025-04-23 18:18:26 - INFO - Obteniendo datos de la nube: NPE
2025-04-23 18:19:02 - INFO - Termina el proceso
2025-04-23 18:19:02 - INFO - Inicia el proceso de extracción
2025-04-23 18:19:02 - INFO - Obteniendo datos de la nube: NET 3
2025-04-23 18:19:03 - INFO - Obteniendo datos de la nube: AMX
2025-04-23 18:19:05 - INFO - Obteniendo datos de la nube: NPE
2025-04-23 18:20:31 - INFO - Termina el proceso
2025-04-23 18:20:31 - INFO - Inicia el proceso de extracción
2025-04-23 18:20:31 - INFO - Obteniendo datos de la nube: NET 3
2025-04-23 18:20:32 - INFO - Obteniendo datos de la nube: AMX
2025-04-23 18:20:33 - INFO - Obteniendo datos de la nube: NPE
2025-04-23 18:23:09 - INFO - Termina el proceso
2025-04-23 18:23:09 - INFO - Inicia el proceso de extracción
2025-04-23 18:23:09 - INFO - Obteniendo datos de la nube: NET 3
2025-04-23 18:23:10 - INFO - Obteniendo datos de la nube: AMX
2025-04-23 18:23:11 - INFO - Obteniendo datos de la nube: NPE
2025-04-23 18:23:17 - INFO - Obteniendo datos de la nube: AMCO
2025-04-23 18:23:45 - INFO - Termina el proceso
2025-04-23 18:23:45 - INFO - Inicia el proceso de extracción
2025-04-23 18:23:45 - INFO - Obteniendo datos de la nube: NET 3
2025-04-23 18:23:47 - INFO - Obteniendo datos de la nube: AMX
2025-04-23 18:23:48 - INFO - Obteniendo datos de la nube: NPE
2025-04-23 18:23:54 - INFO - Obteniendo datos de la nube: AMCO
2025-04-23 18:26:01 - INFO - Termina el proceso
2025-04-23 18:26:01 - INFO - Inicia el proceso de extracción
2025-04-23 18:26:01 - INFO - Obteniendo datos de la nube: NET 3
2025-04-23 18:26:02 - INFO - Obteniendo datos de la nube: AMX
2025-04-23 18:26:03 - INFO - Obteniendo datos de la nube: NPE
2025-04-23 18:26:08 - INFO - Obteniendo datos de la nube: AMCO
2025-04-23 18:30:23 - INFO - Termina el proceso
2025-04-23 18:30:23 - INFO - Inicia el proceso de extracción
2025-04-23 18:30:23 - INFO - Obteniendo datos de la nube: NET 3
2025-04-23 18:32:13 - INFO - Termina el proceso
2025-04-23 18:32:13 - INFO - Inicia el proceso de extracción
2025-04-23 18:32:13 - INFO - Obteniendo datos de la nube: NET 3
2025-04-23 18:32:14 - INFO - Obteniendo datos de la nube: AMX
2025-04-23 18:32:17 - INFO - Obteniendo datos de la nube: NPE
2025-04-23 18:32:22 - INFO - Obteniendo datos de la nube: AMCO
2025-04-23 19:31:05 - INFO - Termina el proceso
2025-04-23 19:31:05 - INFO - Inicia el proceso de extracción
2025-04-23 19:31:05 - INFO - Obteniendo datos de la nube: NET 3
2025-04-23 19:31:38 - INFO - Termina el proceso
2025-04-23 19:31:38 - INFO - Inicia el proceso de extracción
2025-04-23 19:31:38 - INFO - Obteniendo datos de la nube: NET 3
2025-04-23 19:31:39 - INFO - Obteniendo datos de la nube: AMX
2025-04-23 19:31:41 - INFO - Obteniendo datos de la nube: NPE
2025-04-23 19:31:46 - INFO - Obteniendo datos de la nube: AMCO
2025-04-23 19:33:51 - INFO - Termina el proceso
2025-04-23 19:33:51 - INFO - Inicia el proceso de extracción
2025-04-23 19:33:51 - INFO - Obteniendo datos de la nube: NET 3
2025-04-23 19:33:52 - INFO - Obteniendo datos de la nube: AMX
2025-04-23 19:33:53 - INFO - Obteniendo datos de la nube: NPE
2025-04-23 19:33:59 - INFO - Obteniendo datos de la nube: AMCO
2025-04-23 19:35:43 - INFO - Termina el proceso
2025-04-23 19:35:43 - INFO - Inicia el proceso de extracción
2025-04-23 19:35:43 - INFO - Obteniendo datos de la nube: NET 3
2025-04-23 19:35:44 - INFO - Obteniendo datos de la nube: AMX
2025-04-23 19:35:45 - INFO - Obteniendo datos de la nube: NPE
2025-04-23 19:35:49 - INFO - Obteniendo datos de la nube: AMCO
2025-04-23 19:40:23 - INFO - Termina el proceso
2025-04-23 19:40:23 - INFO - Inicia el proceso de extracción
2025-04-23 19:40:23 - INFO - Obteniendo datos de la nube: NET 3
2025-04-23 19:40:24 - INFO - Obteniendo datos de la nube: AMX
2025-04-23 19:40:26 - INFO - Obteniendo datos de la nube: NPE
2025-04-23 19:40:30 - INFO - Obteniendo datos de la nube: AMCO
2025-04-23 19:44:55 - INFO - Termina el proceso
2025-04-23 19:44:55 - INFO - Inicia el proceso de extracción
2025-04-23 19:44:55 - INFO - Obteniendo datos de la nube: NET 3
2025-04-23 19:44:56 - INFO - Obteniendo datos de la nube: AMX
2025-04-23 19:44:57 - INFO - Obteniendo datos de la nube: NPE
2025-04-23 19:45:03 - INFO - Obteniendo datos de la nube: AMCO
2025-04-23 19:46:37 - INFO - Termina el proceso
2025-04-23 19:46:37 - INFO - Inicia el proceso de extracción
2025-04-23 19:46:37 - INFO - Obteniendo datos de la nube: NET 3
2025-04-23 19:46:38 - INFO - Obteniendo datos de la nube: AMX
2025-04-23 19:46:39 - INFO - Obteniendo datos de la nube: NPE
2025-04-23 19:46:44 - INFO - Obteniendo datos de la nube: AMCO
2025-04-23 19:49:15 - INFO - Termina el proceso
2025-04-23 19:49:15 - INFO - Inicia el proceso de extracción
2025-04-23 19:49:15 - INFO - Obteniendo datos de la nube: NET 3
2025-04-23 19:49:16 - INFO - Obteniendo datos de la nube: AMX
2025-04-23 19:49:17 - INFO - Obteniendo datos de la nube: NPE
2025-04-23 19:49:22 - INFO - Obteniendo datos de la nube: AMCO
2025-04-23 19:55:15 - INFO - Termina el proceso
2025-04-23 19:55:15 - INFO - Inicia el proceso de extracción
2025-04-23 19:55:15 - INFO - Obteniendo datos de la nube: NET 3
2025-04-23 19:55:15 - INFO - Obteniendo datos de la nube: AMX
2025-04-23 19:55:17 - INFO - Obteniendo datos de la nube: NPE
2025-04-23 19:55:23 - INFO - Obteniendo datos de la nube: AMCO
2025-04-23 19:58:21 - INFO - Termina el proceso
2025-04-23 19:58:21 - INFO - Inicia el proceso de extracción
2025-04-23 19:58:21 - INFO - Obteniendo datos de la nube: NET 3
2025-04-23 19:58:22 - INFO - Obteniendo datos de la nube: AMX
2025-04-23 19:58:23 - INFO - Obteniendo datos de la nube: NPE
2025-04-23 19:58:39 - INFO - Obteniendo datos de la nube: AMCO
2025-04-23 19:59:01 - INFO - Termina el proceso
2025-04-23 19:59:01 - INFO - Inicia el proceso de extracción
2025-04-23 19:59:01 - INFO - Obteniendo datos de la nube: NET 3
2025-04-23 19:59:02 - INFO - Obteniendo datos de la nube: AMX
2025-04-23 19:59:03 - INFO - Obteniendo datos de la nube: NPE
2025-04-23 19:59:46 - INFO - Obteniendo datos de la nube: AMCO
2025-05-08 19:08:37 - INFO - Termina el proceso
2025-05-08 19:08:37 - INFO - Inicia el proceso de extracción
2025-05-08 19:08:37 - INFO - Obteniendo datos de la nube: NET 3
2025-05-08 19:08:38 - INFO - Obteniendo datos de la nube: AMX
2025-05-08 19:08:40 - INFO - Obteniendo datos de la nube: NPE
2025-05-08 19:08:44 - INFO - Obteniendo datos de la nube: AMCO
2025-05-08 19:10:36 - INFO - Termina el proceso
2025-05-08 19:10:36 - INFO - Inicia el proceso de extracción
2025-05-08 19:10:36 - INFO - Obteniendo datos de la nube: NET 3
2025-05-08 19:10:37 - INFO - Obteniendo datos de la nube: AMX
2025-05-08 19:10:38 - INFO - Obteniendo datos de la nube: NPE
2025-05-08 19:10:43 - INFO - Obteniendo datos de la nube: AMCO
2025-05-08 19:19:33 - INFO - Termina el proceso
2025-05-08 19:19:33 - INFO - Inicia el proceso de extracción
2025-05-08 19:19:33 - INFO - Obteniendo datos de la nube: NET 3
2025-05-08 19:19:33 - INFO - Obteniendo datos de la nube: AMX
2025-05-08 19:19:34 - INFO - Obteniendo datos de la nube: NPE
2025-05-08 19:19:38 - INFO - Obteniendo datos de la nube: AMCO
2025-05-08 19:21:19 - INFO - Termina el proceso
2025-05-08 19:21:19 - INFO - Inicia el proceso de extracción
2025-05-08 19:21:19 - INFO - Obteniendo datos de la nube: NET 3
2025-05-08 19:21:20 - INFO - Obteniendo datos de la nube: AMX
2025-05-08 19:21:22 - INFO - Obteniendo datos de la nube: NPE
2025-05-08 19:21:25 - INFO - Obteniendo datos de la nube: AMCO
2025-05-08 19:22:21 - INFO - Termina el proceso
2025-05-08 19:22:21 - INFO - Inicia el proceso de extracción
2025-05-08 19:22:21 - INFO - Obteniendo datos de la nube: NET 3
2025-05-08 19:22:21 - INFO - Obteniendo datos de la nube: AMX
2025-05-08 19:22:25 - INFO - Obteniendo datos de la nube: NPE
2025-05-08 19:22:27 - INFO - Obteniendo datos de la nube: AMCO
2025-05-09 10:04:46 - INFO - Termina el proceso
2025-05-09 10:04:46 - INFO - Inicia el proceso de extracción
2025-05-09 10:04:46 - INFO - Obteniendo datos de la nube: NET 3
2025-05-09 10:04:48 - INFO - Obteniendo datos de la nube: AMX
2025-05-09 10:04:49 - INFO - Obteniendo datos de la nube: NPE
2025-05-09 10:04:56 - INFO - Obteniendo datos de la nube: AMCO
2025-05-09 10:06:17 - INFO - Termina el proceso
2025-05-09 10:06:17 - INFO - Inicia el proceso de extracción
2025-05-09 10:06:17 - INFO - Obteniendo datos de la nube: NET 3
2025-05-09 10:06:17 - INFO - Obteniendo datos de la nube: AMX
2025-05-09 10:06:19 - INFO - Obteniendo datos de la nube: NPE
2025-05-09 10:06:22 - INFO - Obteniendo datos de la nube: AMCO
2025-05-09 10:09:39 - INFO - Termina el proceso
2025-05-09 10:09:39 - INFO - Inicia el proceso de extracción
2025-05-09 10:09:39 - INFO - Obteniendo datos de la nube: NET 3
2025-05-09 10:09:40 - INFO - Obteniendo datos de la nube: AMX
2025-05-09 10:09:42 - INFO - Obteniendo datos de la nube: NPE
2025-05-09 10:09:46 - INFO - Obteniendo datos de la nube: AMCO
2025-05-09 10:10:28 - INFO - Termina el proceso
2025-05-09 10:10:28 - INFO - Inicia el proceso de extracción
2025-05-09 10:10:28 - INFO - Obteniendo datos de la nube: NET 3
2025-05-09 10:10:29 - INFO - Obteniendo datos de la nube: AMX
2025-05-09 10:10:30 - INFO - Obteniendo datos de la nube: NPE
2025-05-09 10:10:34 - INFO - Obteniendo datos de la nube: AMCO
2025-05-09 10:24:02 - INFO - Termina el proceso
2025-05-09 10:24:02 - INFO - Inicia el proceso de extracción
2025-05-09 10:24:02 - INFO - Obteniendo datos de la nube: NET 3
2025-05-09 10:24:03 - INFO - Obteniendo datos de la nube: AMX
2025-05-09 10:24:04 - INFO - Obteniendo datos de la nube: NPE
2025-05-09 10:24:08 - INFO - Obteniendo datos de la nube: AMCO
2025-05-09 10:25:02 - INFO - Termina el proceso
2025-05-09 10:25:02 - INFO - Inicia el proceso de extracción
2025-05-09 10:25:02 - INFO - Obteniendo datos de la nube: NET 3
2025-05-09 10:25:01 - INFO - Obteniendo datos de la nube: AMX
2025-05-09 10:25:04 - INFO - Obteniendo datos de la nube: NPE
2025-05-09 10:25:07 - INFO - Obteniendo datos de la nube: AMCO
2025-05-09 10:26:10 - INFO - Termina el proceso
2025-05-09 10:26:10 - INFO - Inicia el proceso de extracción
2025-05-09 10:26:10 - INFO - Obteniendo datos de la nube: NET 3
2025-05-09 10:26:11 - INFO - Obteniendo datos de la nube: AMX
2025-05-09 10:26:13 - INFO - Obteniendo datos de la nube: NPE
2025-05-09 10:26:16 - INFO - Obteniendo datos de la nube: AMCO
2025-05-09 10:26:39 - INFO - Termina el proceso
2025-05-09 10:26:39 - INFO - Inicia el proceso de extracción
2025-05-09 10:26:39 - INFO - Obteniendo datos de la nube: NET 3
2025-05-09 10:26:39 - INFO - Obteniendo datos de la nube: AMX
2025-05-09 10:26:41 - INFO - Obteniendo datos de la nube: NPE
2025-05-09 10:26:46 - INFO - Obteniendo datos de la nube: AMCO
2025-05-09 10:29:31 - INFO - Termina el proceso
2025-05-09 10:29:31 - INFO - Inicia el proceso de extracción
2025-05-09 10:29:31 - INFO - Obteniendo datos de la nube: NET 3
2025-05-09 10:29:32 - INFO - Obteniendo datos de la nube: AMX
2025-05-09 10:29:34 - INFO - Obteniendo datos de la nube: NPE
2025-05-09 10:29:36 - INFO - Obteniendo datos de la nube: AMCO
2025-05-09 10:31:30 - INFO - Termina el proceso
2025-05-09 10:31:30 - INFO - Inicia el proceso de extracción
2025-05-09 10:31:30 - INFO - Obteniendo datos de la nube: NET 3
2025-05-09 10:31:31 - INFO - Obteniendo datos de la nube: AMX
2025-05-09 10:31:33 - INFO - Obteniendo datos de la nube: NPE
2025-05-09 10:31:37 - INFO - Obteniendo datos de la nube: AMCO
2025-05-09 10:40:47 - INFO - Termina el proceso
2025-05-09 10:40:47 - INFO - Inicia el proceso de extracción
2025-05-09 10:40:47 - INFO - Obteniendo datos de la nube: NET 3
2025-05-09 10:40:48 - INFO - Obteniendo datos de la nube: AMX
2025-05-09 10:40:49 - INFO - Obteniendo datos de la nube: NPE
2025-05-09 10:40:57 - INFO - Obteniendo datos de la nube: AMCO
2025-05-09 10:42:48 - INFO - Termina el proceso
2025-05-09 10:42:48 - INFO - Inicia el proceso de extracción
2025-05-09 10:42:48 - INFO - Obteniendo datos de la nube: NET 3
2025-05-09 10:42:49 - INFO - Obteniendo datos de la nube: AMX
2025-05-09 10:42:50 - INFO - Obteniendo datos de la nube: NPE
2025-05-09 10:42:58 - INFO - Obteniendo datos de la nube: AMCO
2025-05-09 10:43:14 - INFO - Termina el proceso
2025-05-09 10:43:14 - INFO - Inicia el proceso de extracción
2025-05-09 10:43:14 - INFO - Obteniendo datos de la nube: NET 3
2025-05-09 10:43:15 - INFO - Obteniendo datos de la nube: AMX
2025-05-09 10:43:14 - INFO - Obteniendo datos de la nube: NPE
2025-05-09 10:43:18 - INFO - Obteniendo datos de la nube: AMCO
2025-05-09 10:45:13 - INFO - Termina el proceso
2025-05-09 10:45:13 - INFO - Inicia el proceso de extracción
2025-05-09 10:45:13 - INFO - Obteniendo datos de la nube: NET 3
2025-05-09 10:45:14 - INFO - Obteniendo datos de la nube: AMX
2025-05-09 10:45:16 - INFO - Obteniendo datos de la nube: NPE
2025-05-09 10:45:18 - INFO - Obteniendo datos de la nube: AMCO
2025-05-09 10:47:44 - INFO - Termina el proceso
2025-05-09 10:47:44 - INFO - Inicia el proceso de extracción
2025-05-09 10:47:44 - INFO - Obteniendo datos de la nube: NET 3
2025-05-09 10:47:45 - INFO - Obteniendo datos de la nube: AMX
2025-05-09 10:47:47 - INFO - Obteniendo datos de la nube: NPE
2025-05-09 10:47:49 - INFO - Obteniendo datos de la nube: AMCO
2025-05-09 10:54:28 - INFO - Termina el proceso
2025-05-09 10:54:28 - INFO - Inicia el proceso de extracción
2025-05-09 10:54:28 - INFO - Obteniendo datos de la nube: NET 3
2025-05-09 10:54:29 - INFO - Obteniendo datos de la nube: AMX
2025-05-09 10:54:30 - INFO - Obteniendo datos de la nube: NPE
2025-05-09 10:54:35 - INFO - Obteniendo datos de la nube: AMCO
2025-05-09 10:59:17 - INFO - Termina el proceso
2025-05-09 10:59:17 - INFO - Inicia el proceso de extracción
2025-05-09 10:59:17 - INFO - Obteniendo datos de la nube: NET 3
2025-05-09 10:59:18 - INFO - Obteniendo datos de la nube: AMX
2025-05-09 10:59:20 - INFO - Obteniendo datos de la nube: NPE
2025-05-09 11:00:31 - INFO - Obteniendo datos de la nube: AMCO
2025-05-09 11:04:48 - INFO - Termina el proceso
2025-05-09 11:04:48 - INFO - Inicia el proceso de extracción
2025-05-09 11:04:48 - INFO - Obteniendo datos de la nube: NET 3
2025-05-09 11:04:49 - INFO - Obteniendo datos de la nube: AMX
2025-05-09 11:04:51 - INFO - Obteniendo datos de la nube: NPE
2025-05-09 11:04:56 - INFO - Obteniendo datos de la nube: AMCO
2025-05-09 11:11:13 - INFO - Termina el proceso
2025-05-09 11:11:13 - INFO - Inicia el proceso de extracción
2025-05-09 11:11:13 - INFO - Obteniendo datos de la nube: NET 3
2025-05-09 11:11:14 - INFO - Obteniendo datos de la nube: AMX
2025-05-09 11:11:16 - INFO - Obteniendo datos de la nube: NPE
2025-05-09 11:12:31 - INFO - Obteniendo datos de la nube: AMCO
2025-05-09 11:35:04 - INFO - Termina el proceso
2025-05-09 11:35:04 - INFO - Inicia el proceso de extracción
2025-05-09 11:35:04 - INFO - Obteniendo datos de la nube: NET 3
2025-05-09 11:35:05 - INFO - Obteniendo datos de la nube: AMX
2025-05-09 11:35:06 - INFO - Obteniendo datos de la nube: NPE
2025-05-09 11:36:02 - INFO - Obteniendo datos de la nube: AMCO
2025-05-09 11:42:17 - INFO - Termina el proceso
2025-05-09 11:42:17 - INFO - Inicia el proceso de extracción
2025-05-09 11:42:17 - INFO - Obteniendo datos de la nube: NET 3
2025-05-09 11:42:17 - INFO - Obteniendo datos de la nube: AMX
2025-05-09 11:42:17 - INFO - Obteniendo datos de la nube: NPE
2025-05-09 11:43:17 - INFO - Obteniendo datos de la nube: AMCO
2025-05-09 11:51:16 - INFO - Termina el proceso
2025-05-09 11:51:16 - INFO - Inicia el proceso de extracción
2025-05-09 11:51:16 - INFO - Obteniendo datos de la nube: NET 3
2025-05-09 11:51:17 - INFO - Obteniendo datos de la nube: AMX
2025-05-09 11:51:19 - INFO - Obteniendo datos de la nube: NPE
2025-05-09 11:53:11 - INFO - Obteniendo datos de la nube: AMCO
2025-05-09 11:57:54 - INFO - Termina el proceso
2025-05-09 11:57:54 - INFO - Inicia el proceso de extracción
2025-05-09 11:57:54 - INFO - Obteniendo datos de la nube: NET 3
2025-05-09 11:57:55 - INFO - Obteniendo datos de la nube: AMX
2025-05-09 11:57:57 - INFO - Obteniendo datos de la nube: NPE
2025-05-09 11:58:01 - INFO - Obteniendo datos de la nube: AMCO
2025-05-09 12:03:14 - INFO - Termina el proceso
2025-05-09 12:03:14 - INFO - Inicia el proceso de extracción
2025-05-09 12:03:14 - INFO - Obteniendo datos de la nube: NET 3
2025-05-09 12:03:15 - INFO - Obteniendo datos de la nube: AMX
2025-05-09 12:03:17 - INFO - Obteniendo datos de la nube: NPE
2025-05-09 12:03:21 - INFO - Obteniendo datos de la nube: AMCO
2025-05-09 12:04:58 - INFO - Termina el proceso
2025-05-09 12:04:58 - INFO - Inicia el proceso de extracción
2025-05-09 12:04:58 - INFO - Obteniendo datos de la nube: NET 3
2025-05-09 12:04:59 - INFO - Obteniendo datos de la nube: AMX
2025-05-09 12:05:01 - INFO - Obteniendo datos de la nube: NPE
2025-05-09 12:05:05 - INFO - Obteniendo datos de la nube: AMCO
2025-05-09 12:33:29 - INFO - Termina el proceso
2025-05-09 12:33:29 - INFO - Inicia el proceso de extracción
2025-05-09 12:33:29 - INFO - Obteniendo datos de la nube: NET 3
2025-05-09 12:33:30 - INFO - Obteniendo datos de la nube: AMX
2025-05-09 12:33:32 - INFO - Obteniendo datos de la nube: NPE
2025-05-09 12:33:39 - INFO - Obteniendo datos de la nube: AMCO
2025-05-09 12:48:32 - INFO - Termina el proceso
2025-05-09 12:48:32 - INFO - Inicia el proceso de extracción
2025-05-09 12:48:32 - INFO - Obteniendo datos de la nube: NET 3
2025-05-09 12:48:34 - INFO - Obteniendo datos de la nube: AMX
2025-05-09 12:48:36 - INFO - Obteniendo datos de la nube: NPE
2025-05-09 12:48:45 - INFO - Obteniendo datos de la nube: AMCO
2025-05-09 15:27:53 - INFO - Termina el proceso
2025-05-09 15:27:53 - INFO - Inicia el proceso de extracción
2025-05-09 15:27:53 - INFO - Obteniendo datos de la nube: NET 3
2025-05-09 15:27:54 - INFO - Obteniendo datos de la nube: AMX
2025-05-09 15:27:55 - INFO - Obteniendo datos de la nube: NPE
2025-05-09 15:29:01 - INFO - Obteniendo datos de la nube: AMCO
2025-05-09 15:32:05 - INFO - Termina el proceso
2025-05-09 15:32:05 - INFO - Inicia el proceso de extracción
2025-05-09 15:32:05 - INFO - Obteniendo datos de la nube: NET 3
2025-05-09 15:32:06 - INFO - Obteniendo datos de la nube: AMX
2025-05-09 15:32:08 - INFO - Obteniendo datos de la nube: NPE
2025-05-09 15:33:19 - INFO - Obteniendo datos de la nube: AMCO
2025-05-09 15:39:10 - INFO - Termina el proceso
2025-05-09 15:39:10 - INFO - Inicia el proceso de extracción
2025-05-09 15:39:10 - INFO - Obteniendo datos de la nube: NET 3
2025-05-09 15:39:11 - INFO - Obteniendo datos de la nube: AMX
2025-05-09 15:39:12 - INFO - Obteniendo datos de la nube: NPE
2025-05-09 15:39:19 - INFO - Obteniendo datos de la nube: AMCO
2025-05-09 15:43:19 - INFO - Termina el proceso
2025-05-09 15:43:19 - INFO - Inicia el proceso de extracción
2025-05-09 15:43:19 - INFO - Obteniendo datos de la nube: NET 3
2025-05-09 15:43:20 - INFO - Obteniendo datos de la nube: AMX
2025-05-09 15:43:21 - INFO - Obteniendo datos de la nube: NPE
2025-05-09 15:44:18 - INFO - Obteniendo datos de la nube: AMCO
2025-05-09 16:30:16 - INFO - Termina el proceso
2025-05-09 16:30:16 - INFO - Inicia el proceso de extracción
2025-05-09 16:30:16 - INFO - Obteniendo datos de la nube: NET 3
2025-05-09 16:30:18 - INFO - Obteniendo datos de la nube: AMX
2025-05-09 16:30:19 - INFO - Obteniendo datos de la nube: NPE
2025-05-09 16:31:38 - INFO - Obteniendo datos de la nube: AMCO
2025-05-09 16:35:22 - INFO - Termina el proceso
2025-05-09 16:35:22 - INFO - Inicia el proceso de extracción
2025-05-09 16:35:22 - INFO - Obteniendo datos de la nube: NET 3
2025-05-09 16:35:23 - INFO - Obteniendo datos de la nube: AMX
2025-05-09 16:35:24 - INFO - Obteniendo datos de la nube: NPE
2025-05-09 16:36:22 - INFO - Obteniendo datos de la nube: AMCO
2025-05-09 16:40:31 - INFO - Termina el proceso
2025-05-09 16:40:31 - INFO - Inicia el proceso de extracción
2025-05-09 16:40:31 - INFO - Obteniendo datos de la nube: NET 3
2025-05-09 16:40:32 - INFO - Obteniendo datos de la nube: AMX
2025-05-09 16:40:33 - INFO - Obteniendo datos de la nube: NPE
2025-05-09 16:41:36 - INFO - Obteniendo datos de la nube: AMCO
2025-05-09 16:44:06 - INFO - Termina el proceso
2025-05-09 16:44:06 - INFO - Inicia el proceso de extracción
2025-05-09 16:44:06 - INFO - Obteniendo datos de la nube: NET 3
2025-05-09 16:44:07 - INFO - Obteniendo datos de la nube: AMX
2025-05-09 16:44:09 - INFO - Obteniendo datos de la nube: NPE
2025-05-09 16:44:15 - INFO - Obteniendo datos de la nube: AMCO
2025-05-09 16:45:35 - INFO - Termina el proceso
2025-05-09 16:45:35 - INFO - Inicia el proceso de extracción
2025-05-09 16:45:35 - INFO - Obteniendo datos de la nube: NET 3
2025-05-09 16:45:36 - INFO - Obteniendo datos de la nube: AMX
2025-05-09 16:45:38 - INFO - Obteniendo datos de la nube: NPE
2025-05-09 16:46:35 - INFO - Obteniendo datos de la nube: AMCO
2025-05-09 16:47:43 - INFO - Termina el proceso
2025-05-09 16:47:43 - INFO - Inicia el proceso de extracción
2025-05-09 16:47:43 - INFO - Obteniendo datos de la nube: NET 3
2025-05-09 16:47:44 - INFO - Obteniendo datos de la nube: AMX
2025-05-09 16:47:47 - INFO - Obteniendo datos de la nube: NPE
2025-05-09 16:48:45 - INFO - Obteniendo datos de la nube: AMCO
2025-05-09 17:04:51 - INFO - Termina el proceso
2025-05-09 17:04:51 - INFO - Inicia el proceso de extracción
2025-05-09 17:04:51 - INFO - Obteniendo datos de la nube: NET 3
2025-05-09 17:04:52 - INFO - Obteniendo datos de la nube: AMX
2025-05-09 17:04:53 - INFO - Obteniendo datos de la nube: NPE
2025-05-09 17:04:57 - INFO - Obteniendo datos de la nube: AMCO
2025-05-09 17:05:55 - INFO - Termina el proceso
2025-05-09 17:05:55 - INFO - Inicia el proceso de extracción
2025-05-09 17:05:55 - INFO - Obteniendo datos de la nube: NET 3
2025-05-09 17:05:56 - INFO - Obteniendo datos de la nube: AMX
2025-05-09 17:05:57 - INFO - Obteniendo datos de la nube: NPE
2025-05-09 17:06:03 - INFO - Obteniendo datos de la nube: AMCO
2025-05-09 17:07:29 - INFO - Termina el proceso
2025-05-09 17:07:29 - INFO - Inicia el proceso de extracción
2025-05-09 17:07:29 - INFO - Obteniendo datos de la nube: NET 3
2025-05-09 17:07:31 - INFO - Obteniendo datos de la nube: AMX
2025-05-09 17:07:32 - INFO - Obteniendo datos de la nube: NPE
2025-05-09 17:07:36 - INFO - Obteniendo datos de la nube: AMCO
2025-05-09 17:10:40 - INFO - Termina el proceso
2025-05-09 17:10:40 - INFO - Inicia el proceso de extracción
2025-05-09 17:10:40 - INFO - Obteniendo datos de la nube: NET 3
2025-05-09 17:10:41 - INFO - Obteniendo datos de la nube: AMX
2025-05-09 17:10:42 - INFO - Obteniendo datos de la nube: NPE
2025-05-09 17:10:47 - INFO - Obteniendo datos de la nube: AMCO
2025-05-09 17:11:36 - INFO - Termina el proceso
2025-05-09 17:11:36 - INFO - Inicia el proceso de extracción
2025-05-09 17:11:36 - INFO - Obteniendo datos de la nube: NET 3
2025-05-09 17:11:38 - INFO - Obteniendo datos de la nube: AMX
2025-05-09 17:11:41 - INFO - Obteniendo datos de la nube: NPE
2025-05-09 17:11:48 - INFO - Obteniendo datos de la nube: AMCO
2025-05-09 17:13:01 - INFO - Termina el proceso
2025-05-09 17:13:01 - INFO - Inicia el proceso de extracción
2025-05-09 17:13:01 - INFO - Obteniendo datos de la nube: NET 3
2025-05-09 17:13:02 - INFO - Obteniendo datos de la nube: AMX
2025-05-09 17:13:03 - INFO - Obteniendo datos de la nube: NPE
2025-05-09 17:13:07 - INFO - Obteniendo datos de la nube: AMCO
2025-05-09 17:13:32 - INFO - Termina el proceso
2025-05-09 17:13:32 - INFO - Inicia el proceso de extracción
2025-05-09 17:13:32 - INFO - Obteniendo datos de la nube: NET 3
2025-05-09 17:13:33 - INFO - Obteniendo datos de la nube: AMX
2025-05-09 17:13:34 - INFO - Obteniendo datos de la nube: NPE
2025-05-09 17:14:17 - INFO - Obteniendo datos de la nube: AMCO
2025-05-09 17:18:13 - INFO - Termina el proceso
2025-05-09 17:18:13 - INFO - Inicia el proceso de extracción
2025-05-09 17:18:13 - INFO - Obteniendo datos de la nube: NET 3
2025-05-09 17:18:14 - INFO - Obteniendo datos de la nube: AMX
2025-05-09 17:18:16 - INFO - Obteniendo datos de la nube: NPE
2025-05-09 17:18:20 - INFO - Obteniendo datos de la nube: AMCO
2025-05-09 17:19:01 - INFO - Termina el proceso
2025-05-09 17:19:01 - INFO - Inicia el proceso de extracción
2025-05-09 17:19:01 - INFO - Obteniendo datos de la nube: NET 3
2025-05-09 17:19:02 - INFO - Obteniendo datos de la nube: AMX
2025-05-09 17:19:04 - INFO - Obteniendo datos de la nube: NPE
2025-05-09 17:19:11 - INFO - Obteniendo datos de la nube: AMCO
2025-05-09 17:20:03 - INFO - Termina el proceso
2025-05-09 17:20:03 - INFO - Inicia el proceso de extracción
2025-05-09 17:20:03 - INFO - Obteniendo datos de la nube: NET 3
2025-05-09 17:20:04 - INFO - Obteniendo datos de la nube: AMX
2025-05-09 17:20:05 - INFO - Obteniendo datos de la nube: NPE
2025-05-09 17:20:11 - INFO - Obteniendo datos de la nube: AMCO
2025-05-09 17:20:35 - INFO - Termina el proceso
2025-05-09 17:20:35 - INFO - Inicia el proceso de extracción
2025-05-09 17:20:35 - INFO - Obteniendo datos de la nube: NET 3
2025-05-09 17:20:36 - INFO - Obteniendo datos de la nube: AMX
2025-05-09 17:20:37 - INFO - Obteniendo datos de la nube: NPE
2025-05-09 17:20:42 - INFO - Obteniendo datos de la nube: AMCO
2025-05-09 17:20:55 - INFO - Termina el proceso
2025-05-09 17:20:55 - INFO - Inicia el proceso de extracción
2025-05-09 17:20:55 - INFO - Obteniendo datos de la nube: NET 3
2025-05-09 17:20:56 - INFO - Obteniendo datos de la nube: AMX
2025-05-09 17:20:57 - INFO - Obteniendo datos de la nube: NPE
2025-05-09 17:21:04 - INFO - Obteniendo datos de la nube: AMCO
2025-05-09 17:21:25 - INFO - Termina el proceso
2025-05-09 17:21:25 - INFO - Inicia el proceso de extracción
2025-05-09 17:21:25 - INFO - Obteniendo datos de la nube: NET 3
2025-05-09 17:21:26 - INFO - Obteniendo datos de la nube: AMX
2025-05-09 17:21:27 - INFO - Obteniendo datos de la nube: NPE
2025-05-09 17:22:50 - INFO - Obteniendo datos de la nube: AMCO
2025-05-09 17:51:17 - INFO - Termina el proceso
2025-05-09 17:51:17 - INFO - Inicia el proceso de extracción
2025-05-09 17:51:17 - INFO - Obteniendo datos de la nube: NET 3
2025-05-09 17:51:18 - INFO - Obteniendo datos de la nube: AMX
2025-05-09 17:51:20 - INFO - Obteniendo datos de la nube: NPE
2025-05-09 17:52:31 - INFO - Obteniendo datos de la nube: AMCO
2025-05-09 17:57:00 - INFO - Termina el proceso
2025-05-09 17:57:00 - INFO - Inicia el proceso de extracción
2025-05-09 17:57:00 - INFO - Obteniendo datos de la nube: NET 3
2025-05-09 17:57:01 - INFO - Obteniendo datos de la nube: AMX
2025-05-09 17:57:02 - INFO - Obteniendo datos de la nube: NPE
2025-05-09 17:57:30 - INFO - Obteniendo datos de la nube: AMCO
2025-05-09 17:58:03 - INFO - Termina el proceso
2025-05-09 17:58:03 - INFO - Inicia el proceso de extracción
2025-05-09 17:58:03 - INFO - Obteniendo datos de la nube: NET 3
2025-05-09 17:58:04 - INFO - Obteniendo datos de la nube: AMX
2025-05-09 17:58:06 - INFO - Obteniendo datos de la nube: NPE
2025-05-09 17:59:01 - INFO - Obteniendo datos de la nube: AMCO
2025-05-09 18:03:21 - INFO - Termina el proceso
2025-05-09 18:03:21 - INFO - Inicia el proceso de extracción
2025-05-09 18:03:21 - INFO - Obteniendo datos de la nube: NET 3
2025-05-09 18:03:22 - INFO - Obteniendo datos de la nube: AMX
2025-05-09 18:03:23 - INFO - Obteniendo datos de la nube: NPE
2025-05-09 18:03:34 - INFO - Obteniendo datos de la nube: AMCO
2025-05-09 18:05:35 - INFO - Termina el proceso
2025-05-09 18:05:35 - INFO - Inicia el proceso de extracción
2025-05-09 18:05:35 - INFO - Obteniendo datos de la nube: NET 3
2025-05-09 18:05:36 - INFO - Obteniendo datos de la nube: AMX
2025-05-09 18:05:37 - INFO - Obteniendo datos de la nube: NPE
2025-05-09 18:06:32 - INFO - Obteniendo datos de la nube: AMCO
2025-05-09 18:11:14 - INFO - Termina el proceso
2025-05-09 18:11:14 - INFO - Inicia el proceso de extracción
2025-05-09 18:11:14 - INFO - Obteniendo datos de la nube: NET 3
2025-05-09 18:11:15 - INFO - Obteniendo datos de la nube: AMX
2025-05-09 18:11:16 - INFO - Obteniendo datos de la nube: NPE
2025-05-09 18:11:22 - INFO - Obteniendo datos de la nube: AMCO
