Watching for file changes with StatReloader
[15/Feb/2022 23:32:06] "GET /main HTTP/1.1" 200 7969
[15/Feb/2022 23:32:24] "GET /reportes?idRep=3&idTipo=1 HTTP/1.1" 200 13157
[15/Feb/2022 23:33:46] "GET / HTTP/1.1" 200 3084
[15/Feb/2022 23:33:51] "GET /main HTTP/1.1" 200 7969
[15/Feb/2022 23:34:00] "GET /main HTTP/1.1" 200 7969
Watching for file changes with StatReloader
Performing system checks...

System check identified no issues (0 silenced).
February 15, 2022 - 23:36:20
Django version 4.0.2, using settings 'mysite.settings'
Starting development server at http://127.0.0.1:8000/
Quit the server with CONTROL-C.
Watching for file changes with StatReloader
[15/Feb/2022 23:36:55] "GET /sr HTTP/1.1" 200 12932
[15/Feb/2022 23:36:58] "GET /reportes?idRep=3&idTipo=1 HTTP/1.1" 200 13157
[15/Feb/2022 23:38:21] "GET /admin/reportInfra/tipofalla/ HTTP/1.1" 200 8020
[15/Feb/2022 23:38:21] "GET /admin/jsi18n/ HTTP/1.1" 200 3343
[15/Feb/2022 23:38:21] "GET /admin/jsi18n/ HTTP/1.1" 200 3343
[15/Feb/2022 23:38:23] "GET /admin/auth/group/ HTTP/1.1" 200 6713
[15/Feb/2022 23:38:24] "GET /admin/jsi18n/ HTTP/1.1" 200 3343
[15/Feb/2022 23:38:25] "GET /admin/auth/user/ HTTP/1.1" 200 14560
[15/Feb/2022 23:38:25] "GET /admin/jsi18n/ HTTP/1.1" 200 3343
[15/Feb/2022 23:38:25] "GET /admin/jsi18n/ HTTP/1.1" 200 3343
[15/Feb/2022 23:38:36] "GET /admin/auth/user/?is_staff__exact=0 HTTP/1.1" 200 14713
[15/Feb/2022 23:38:36] "GET /admin/jsi18n/ HTTP/1.1" 200 3343
[15/Feb/2022 23:38:38] "GET /admin/auth/user/? HTTP/1.1" 200 14560
[15/Feb/2022 23:38:38] "GET /admin/jsi18n/ HTTP/1.1" 200 3343
[15/Feb/2022 23:38:38] "GET /admin/jsi18n/ HTTP/1.1" 200 3343
[15/Feb/2022 23:38:41] "GET /admin/auth/user/12/change/ HTTP/1.1" 200 18521
[15/Feb/2022 23:38:41] "GET /admin/jsi18n/ HTTP/1.1" 200 3343
[15/Feb/2022 23:38:47] "POST /admin/auth/user/12/change/ HTTP/1.1" 302 0
[15/Feb/2022 23:38:47] "GET /admin/auth/user/ HTTP/1.1" 200 14762
[15/Feb/2022 23:38:47] "GET /admin/jsi18n/ HTTP/1.1" 200 3343
[15/Feb/2022 23:38:47] "GET /admin/jsi18n/ HTTP/1.1" 200 3343
[15/Feb/2022 23:38:53] "GET /sr HTTP/1.1" 200 12932
[15/Feb/2022 23:39:05] "GET /reportes?idRep=3&idTipo=1 HTTP/1.1" 200 13157
[15/Feb/2022 23:39:11] "GET /reportes?idRep=2&idTipo=2 HTTP/1.1" 200 27713
[15/Feb/2022 23:39:17] "GET /reportes?idRep=4&idTipo=3 HTTP/1.1" 200 26252
[15/Feb/2022 23:39:25] "GET /reportes?idRep=3&idTipo=1 HTTP/1.1" 200 13157
[15/Feb/2022 23:39:55] "GET /reportes?idRep=3&idTipo=1 HTTP/1.1" 200 13187
[15/Feb/2022 23:40:11] "GET /reportes?idRep=2&idTipo=2 HTTP/1.1" 200 28083
[15/Feb/2022 23:40:30] "GET /reportes?idRep=0&idTipo=0 HTTP/1.1" 200 44365
[16/Feb/2022 09:43:36] "GET /main HTTP/1.1" 200 7969
[16/Feb/2022 09:43:37] "GET /static/img/logo-triara-02.png HTTP/1.1" 304 0
/home/birkoff/Projects/dashboard/reportInfra/views.py changed, reloading.
Performing system checks...

System check identified no issues (0 silenced).
February 15, 2022 - 23:36:39
Django version 4.0.2, using settings 'mysite.settings'
Starting development server at http://127.0.0.1:8000/
Quit the server with CONTROL-C.
DE SOFTWARE
<RawQuerySet: select * from reportinfra_reportefallas where TipoFalla_id = 3>
DE SOFTWARE
<RawQuerySet: select * from reportinfra_reportefallas where TipoFalla_id = 3>
DE HARDWARE
<RawQuerySet: select * from reportinfra_reportefallas where TipoFalla_id = 2>
DE VMWARE
<RawQuerySet: select * from reportinfra_reportefallas where TipoFalla_id = 4>
DE SOFTWARE
<RawQuerySet: select * from reportinfra_reportefallas where TipoFalla_id = 3>
DE SOFTWARE
<RawQuerySet: select * from reportinfra_reportefallas where TipoFalla_id = 3>
DE HARDWARE
<RawQuerySet: select * from reportinfra_reportefallas where TipoFalla_id = 2>

<RawQuerySet: select * from reportinfra_reportefallas>
Watching for file changes with StatReloader
Exception in thread django-main-thread:
Traceback (most recent call last):
  File "/usr/lib/python3.8/threading.py", line 932, in _bootstrap_inner
    self.run()
  File "/usr/lib/python3.8/threading.py", line 870, in run
    self._target(*self._args, **self._kwargs)
  File "/home/birkoff/Projects/dashboard/env/lib/python3.8/site-packages/django/utils/autoreload.py", line 64, in wrapper
    fn(*args, **kwargs)
  File "/home/birkoff/Projects/dashboard/env/lib/python3.8/site-packages/django/core/management/commands/runserver.py", line 124, in inner_run
    self.check(display_num_errors=True)
  File "/home/birkoff/Projects/dashboard/env/lib/python3.8/site-packages/django/core/management/base.py", line 438, in check
    all_issues = checks.run_checks(
  File "/home/birkoff/Projects/dashboard/env/lib/python3.8/site-packages/django/core/checks/registry.py", line 77, in run_checks
    new_errors = check(app_configs=app_configs, databases=databases)
  File "/home/birkoff/Projects/dashboard/env/lib/python3.8/site-packages/django/core/checks/urls.py", line 13, in check_url_config
    return check_resolver(resolver)
  File "/home/birkoff/Projects/dashboard/env/lib/python3.8/site-packages/django/core/checks/urls.py", line 23, in check_resolver
    return check_method()
  File "/home/birkoff/Projects/dashboard/env/lib/python3.8/site-packages/django/urls/resolvers.py", line 448, in check
    for pattern in self.url_patterns:
  File "/home/birkoff/Projects/dashboard/env/lib/python3.8/site-packages/django/utils/functional.py", line 48, in __get__
    res = instance.__dict__[self.name] = self.func(instance)
  File "/home/birkoff/Projects/dashboard/env/lib/python3.8/site-packages/django/urls/resolvers.py", line 634, in url_patterns
    patterns = getattr(self.urlconf_module, "urlpatterns", self.urlconf_module)
  File "/home/birkoff/Projects/dashboard/env/lib/python3.8/site-packages/django/utils/functional.py", line 48, in __get__
    res = instance.__dict__[self.name] = self.func(instance)
  File "/home/birkoff/Projects/dashboard/env/lib/python3.8/site-packages/django/urls/resolvers.py", line 627, in urlconf_module
    return import_module(self.urlconf_name)
  File "/usr/lib/python3.8/importlib/__init__.py", line 127, in import_module
    return _bootstrap._gcd_import(name[level:], package, level)
  File "<frozen importlib._bootstrap>", line 1014, in _gcd_import
  File "<frozen importlib._bootstrap>", line 991, in _find_and_load
  File "<frozen importlib._bootstrap>", line 975, in _find_and_load_unlocked
  File "<frozen importlib._bootstrap>", line 671, in _load_unlocked
  File "<frozen importlib._bootstrap_external>", line 848, in exec_module
  File "<frozen importlib._bootstrap>", line 219, in _call_with_frames_removed
  File "/home/birkoff/Projects/dashboard/mysite/urls.py", line 21, in <module>
    path('', include('reportInfra.urls')),
  File "/home/birkoff/Projects/dashboard/env/lib/python3.8/site-packages/django/urls/conf.py", line 34, in include
    urlconf_module = import_module(urlconf_module)
  File "/usr/lib/python3.8/importlib/__init__.py", line 127, in import_module
    return _bootstrap._gcd_import(name[level:], package, level)
  File "<frozen importlib._bootstrap>", line 1014, in _gcd_import
  File "<frozen importlib._bootstrap>", line 991, in _find_and_load
  File "<frozen importlib._bootstrap>", line 975, in _find_and_load_unlocked
  File "<frozen importlib._bootstrap>", line 671, in _load_unlocked
  File "<frozen importlib._bootstrap_external>", line 848, in exec_module
  File "<frozen importlib._bootstrap>", line 219, in _call_with_frames_removed
  File "/home/birkoff/Projects/dashboard/reportInfra/urls.py", line 2, in <module>
    from reportInfra import views
  File "/home/birkoff/Projects/dashboard/reportInfra/views.py", line 35, in <module>
    @login_required(login_url='/')
NameError: name 'login_required' is not defined
/home/birkoff/Projects/dashboard/reportInfra/views.py changed, reloading.
Performing system checks...

Watching for file changes with StatReloader
Exception in thread django-main-thread:
Traceback (most recent call last):
  File "/usr/lib/python3.8/threading.py", line 932, in _bootstrap_inner
    self.run()
  File "/usr/lib/python3.8/threading.py", line 870, in run
    self._target(*self._args, **self._kwargs)
  File "/home/birkoff/Projects/dashboard/env/lib/python3.8/site-packages/django/utils/autoreload.py", line 64, in wrapper
    fn(*args, **kwargs)
  File "/home/birkoff/Projects/dashboard/env/lib/python3.8/site-packages/django/core/management/commands/runserver.py", line 124, in inner_run
    self.check(display_num_errors=True)
  File "/home/birkoff/Projects/dashboard/env/lib/python3.8/site-packages/django/core/management/base.py", line 438, in check
    all_issues = checks.run_checks(
  File "/home/birkoff/Projects/dashboard/env/lib/python3.8/site-packages/django/core/checks/registry.py", line 77, in run_checks
    new_errors = check(app_configs=app_configs, databases=databases)
  File "/home/birkoff/Projects/dashboard/env/lib/python3.8/site-packages/django/core/checks/urls.py", line 13, in check_url_config
    return check_resolver(resolver)
  File "/home/birkoff/Projects/dashboard/env/lib/python3.8/site-packages/django/core/checks/urls.py", line 23, in check_resolver
    return check_method()
  File "/home/birkoff/Projects/dashboard/env/lib/python3.8/site-packages/django/urls/resolvers.py", line 448, in check
    for pattern in self.url_patterns:
  File "/home/birkoff/Projects/dashboard/env/lib/python3.8/site-packages/django/utils/functional.py", line 48, in __get__
    res = instance.__dict__[self.name] = self.func(instance)
  File "/home/birkoff/Projects/dashboard/env/lib/python3.8/site-packages/django/urls/resolvers.py", line 634, in url_patterns
    patterns = getattr(self.urlconf_module, "urlpatterns", self.urlconf_module)
  File "/home/birkoff/Projects/dashboard/env/lib/python3.8/site-packages/django/utils/functional.py", line 48, in __get__
    res = instance.__dict__[self.name] = self.func(instance)
  File "/home/birkoff/Projects/dashboard/env/lib/python3.8/site-packages/django/urls/resolvers.py", line 627, in urlconf_module
    return import_module(self.urlconf_name)
  File "/usr/lib/python3.8/importlib/__init__.py", line 127, in import_module
    return _bootstrap._gcd_import(name[level:], package, level)
  File "<frozen importlib._bootstrap>", line 1014, in _gcd_import
  File "<frozen importlib._bootstrap>", line 991, in _find_and_load
  File "<frozen importlib._bootstrap>", line 975, in _find_and_load_unlocked
  File "<frozen importlib._bootstrap>", line 671, in _load_unlocked
  File "<frozen importlib._bootstrap_external>", line 848, in exec_module
  File "<frozen importlib._bootstrap>", line 219, in _call_with_frames_removed
  File "/home/birkoff/Projects/dashboard/mysite/urls.py", line 21, in <module>
    path('', include('reportInfra.urls')),
  File "/home/birkoff/Projects/dashboard/env/lib/python3.8/site-packages/django/urls/conf.py", line 34, in include
    urlconf_module = import_module(urlconf_module)
  File "/usr/lib/python3.8/importlib/__init__.py", line 127, in import_module
    return _bootstrap._gcd_import(name[level:], package, level)
  File "<frozen importlib._bootstrap>", line 1014, in _gcd_import
  File "<frozen importlib._bootstrap>", line 991, in _find_and_load
  File "<frozen importlib._bootstrap>", line 975, in _find_and_load_unlocked
  File "<frozen importlib._bootstrap>", line 671, in _load_unlocked
  File "<frozen importlib._bootstrap_external>", line 848, in exec_module
  File "<frozen importlib._bootstrap>", line 219, in _call_with_frames_removed
  File "/home/birkoff/Projects/dashboard/reportInfra/urls.py", line 2, in <module>
    from reportInfra import views
  File "/home/birkoff/Projects/dashboard/reportInfra/views.py", line 40, in <module>
    @login_required(login_url='/')
NameError: name 'login_required' is not defined
Watching for file changes with StatReloader
[29/Mar/2022 12:23:00] "GET /sr HTTP/1.0" 200 28659
[29/Mar/2022 12:23:03] "GET /reportes?idRep=3&idTipo=1 HTTP/1.0" 200 13385
[29/Mar/2022 12:23:06] "GET /logout HTTP/1.0" 302 0
[29/Mar/2022 12:23:06] "GET / HTTP/1.0" 200 3084
[29/Mar/2022 13:20:12] "GET / HTTP/1.0" 200 3084
[29/Mar/2022 14:17:33] "GET / HTTP/1.0" 200 3084
[29/Mar/2022 14:17:41] "POST / HTTP/1.0" 302 0
[29/Mar/2022 14:17:41] "GET /main HTTP/1.0" 200 8050
[29/Mar/2022 14:17:44] "GET /reportes?idRep=3&idTipo=1 HTTP/1.0" 200 13385
[29/Mar/2022 15:15:47] "GET /reportes?idRep=3&idTipo=1 HTTP/1.0" 200 13385
[29/Mar/2022 15:16:51] "GET /main HTTP/1.0" 200 8050
[29/Mar/2022 15:16:55] "GET /main HTTP/1.0" 200 8050
/usr/lib/python3.8/concurrent/futures/__init__.py changed, reloading.
Performing system checks...

System check identified no issues (0 silenced).
March 29, 2022 - 12:22:54
Django version 3.2, using settings 'mysite.settings'
Starting development server at http://127.0.0.1:8000/
Quit the server with CONTROL-C.
DE SOFTWARE
<RawQuerySet: select * from reportinfra_reportefallas where Categoria_id = 3>
birkoff
DE SOFTWARE
<RawQuerySet: select * from reportinfra_reportefallas where Categoria_id = 3>
DE SOFTWARE
<RawQuerySet: select * from reportinfra_reportefallas where Categoria_id = 3>
Watching for file changes with StatReloader
[01/Apr/2022 12:39:34] "GET / HTTP/1.0" 200 3084
Not Found: /favicon.ico
[01/Apr/2022 12:39:36] "GET /favicon.ico HTTP/1.0" 404 3738
[01/Apr/2022 12:39:46] "POST / HTTP/1.0" 302 0
[01/Apr/2022 12:39:46] "GET /main HTTP/1.0" 200 8050
[01/Apr/2022 12:40:14] "GET /admin HTTP/1.0" 301 0
[01/Apr/2022 12:40:14] "GET /admin/ HTTP/1.0" 200 8730
[01/Apr/2022 12:40:17] "GET /admin/auth/user/ HTTP/1.0" 200 16801
[01/Apr/2022 12:40:17] "GET /admin/jsi18n/ HTTP/1.0" 200 3325
[01/Apr/2022 12:40:18] "GET /admin/jsi18n/ HTTP/1.0" 200 3325
[01/Apr/2022 12:40:28] "GET / HTTP/1.0" 200 3084
Not Found: /favicon.ico
[01/Apr/2022 12:40:43] "GET /favicon.ico HTTP/1.0" 404 3738
[01/Apr/2022 12:40:49] "GET / HTTP/1.0" 200 3084
[01/Apr/2022 12:41:00] "POST / HTTP/1.0" 302 0
[01/Apr/2022 12:41:00] "GET /main HTTP/1.0" 200 8061
[01/Apr/2022 12:41:09] "GET / HTTP/1.0" 200 3084
[01/Apr/2022 12:41:17] "GET /admin/ HTTP/1.0" 200 8730
[01/Apr/2022 12:41:19] "GET /sr HTTP/1.0" 200 28659
[01/Apr/2022 12:41:41] "POST / HTTP/1.0" 302 0
[01/Apr/2022 12:41:41] "GET /main HTTP/1.0" 200 8061
[01/Apr/2022 12:42:22] "GET /reportes?idRep=2&idTipo=2 HTTP/1.0" 200 14276
[01/Apr/2022 12:44:42] "GET /kpis HTTP/1.0" 200 14105
[01/Apr/2022 12:45:04] "GET /sr HTTP/1.0" 200 28670
[05/Apr/2022 12:09:42] "GET / HTTP/1.0" 200 3084
Not Found: /favicon.ico
[05/Apr/2022 12:09:44] "GET /favicon.ico HTTP/1.0" 404 3738
[05/Apr/2022 12:43:47] "GET / HTTP/1.0" 200 3084
[05/Apr/2022 12:47:01] "GET / HTTP/1.0" 200 3084
[05/Apr/2022 17:05:13] "GET /sr HTTP/1.0" 200 28670
Not Found: /favicon.ico
[05/Apr/2022 18:43:42] "GET /favicon.ico HTTP/1.0" 404 3738
[05/Apr/2022 18:47:47] "GET / HTTP/1.0" 200 3084
Not Found: /favicon.ico
[06/Apr/2022 09:17:23] "GET /favicon.ico HTTP/1.0" 404 3738
Not Found: /forgot-password.html
[06/Apr/2022 17:55:59] "GET /forgot-password.html HTTP/1.0" 404 3765
[07/Apr/2022 10:58:12] "GET / HTTP/1.0" 200 3084
Not Found: /favicon.ico
[07/Apr/2022 10:58:13] "GET /favicon.ico HTTP/1.0" 404 3738
[07/Apr/2022 12:00:10] "GET / HTTP/1.0" 200 3084
Not Found: /favicon.ico
[07/Apr/2022 12:28:40] "GET /favicon.ico HTTP/1.0" 404 3738
[07/Apr/2022 16:07:17] "GET / HTTP/1.0" 200 3084
Not Found: /favicon.ico
[08/Apr/2022 10:46:32] "GET /favicon.ico HTTP/1.0" 404 3738
[08/Apr/2022 17:32:54] "GET / HTTP/1.0" 200 3084
[08/Apr/2022 17:33:03] "POST / HTTP/1.0" 302 0
[08/Apr/2022 17:33:03] "GET /main HTTP/1.0" 200 8050
[08/Apr/2022 17:33:06] "GET /sr HTTP/1.0" 200 28659
[08/Apr/2022 17:33:12] "GET /ajax/get_vendors/?id_Categoria=2 HTTP/1.0" 200 247
[08/Apr/2022 17:33:13] "GET /ajax/get_componentes/?id_Vendor=3 HTTP/1.0" 200 987
[19/Apr/2022 18:07:55] "GET / HTTP/1.0" 200 3084
Not Found: /favicon.ico
[19/Apr/2022 18:07:58] "GET /favicon.ico HTTP/1.0" 404 3738
[19/Apr/2022 18:26:10] "GET / HTTP/1.0" 200 3084
[20/Apr/2022 09:27:44] "GET / HTTP/1.0" 200 3084
[21/Apr/2022 09:53:18] "GET / HTTP/1.0" 200 3084
[21/Apr/2022 10:51:14] "POST / HTTP/1.0" 302 0
[21/Apr/2022 10:51:14] "GET /main HTTP/1.0" 200 8036
[21/Apr/2022 10:51:29] "GET /kpis HTTP/1.0" 200 14084
/home/mmeneses/Projects/dashboard/mysite/templates/base.html changed, reloading.
Performing system checks...

System check identified no issues (0 silenced).
March 30, 2022 - 00:45:18
Django version 3.2, using settings 'mysite.settings'
Starting development server at http://127.0.0.1:8000/
Quit the server with CONTROL-C.
birkoff
cynthia.gutierrez
cynthia.gutierrez
DE HARDWARE
<RawQuerySet: select * from reportinfra_reportefallas where Categoria_id = 2>
birkoff
birkoff
Watching for file changes with StatReloader
/home/mmeneses/Projects/dashboard/mysite/templates/kpis.html changed, reloading.
Performing system checks...

System check identified no issues (0 silenced).
April 21, 2022 - 11:14:49
Django version 3.2, using settings 'mysite.settings'
Starting development server at http://127.0.0.1:8000/
Quit the server with CONTROL-C.
Watching for file changes with StatReloader
/home/mmeneses/Projects/dashboard/reportinfra/views.py changed, reloading.
Performing system checks...

System check identified no issues (0 silenced).
April 21, 2022 - 11:15:09
Django version 3.2, using settings 'mysite.settings'
Starting development server at http://127.0.0.1:8000/
Quit the server with CONTROL-C.
Watching for file changes with StatReloader
[21/Apr/2022 11:16:25] "GET /kpis HTTP/1.0" 200 14210
[21/Apr/2022 11:16:28] "GET /kpis?idY=2021 HTTP/1.0" 200 14353
[21/Apr/2022 11:16:32] "GET /kpis?idY=00 HTTP/1.0" 200 14210
[21/Apr/2022 11:16:37] "GET /kpis HTTP/1.0" 200 14210
[21/Apr/2022 11:16:41] "GET /kpis?idY=2021 HTTP/1.0" 200 14353
[21/Apr/2022 11:16:48] "GET /kpis?idY=2022 HTTP/1.0" 200 14350
[21/Apr/2022 11:16:51] "GET /sr HTTP/1.0" 200 28704
[21/Apr/2022 11:17:06] "GET /ajax/get_vendors/?id_Categoria=2 HTTP/1.0" 200 247
[21/Apr/2022 11:17:11] "GET /ajax/get_componentes/?id_Vendor=3 HTTP/1.0" 200 1037
[21/Apr/2022 11:17:15] "GET /reportes?idRep=3&idTipo=1 HTTP/1.0" 200 64510
[21/Apr/2022 11:17:37] "GET /detailSR/1081190039 HTTP/1.0" 200 2857
[21/Apr/2022 11:25:48] "GET /logout HTTP/1.0" 302 0
[21/Apr/2022 11:25:48] "GET / HTTP/1.0" 200 3084
[21/Apr/2022 11:26:00] "POST / HTTP/1.0" 200 3117
[21/Apr/2022 11:26:06] "GET / HTTP/1.0" 200 3084
Not Found: /forgot-password.html
[21/Apr/2022 11:26:09] "GET /forgot-password.html HTTP/1.0" 404 3765
[21/Apr/2022 11:26:27] "POST / HTTP/1.0" 200 3117
[21/Apr/2022 11:27:30] "POST / HTTP/1.0" 200 3117
[21/Apr/2022 11:27:39] "GET /admin HTTP/1.0" 301 0
[21/Apr/2022 11:27:39] "GET /admin/ HTTP/1.0" 302 0
[21/Apr/2022 11:27:39] "GET /admin/login/?next=/admin/ HTTP/1.0" 200 2230
[21/Apr/2022 11:27:45] "POST /admin/login/?next=/admin/ HTTP/1.0" 302 0
[21/Apr/2022 11:27:45] "GET /admin/ HTTP/1.0" 200 6583
[21/Apr/2022 11:27:48] "GET /admin/auth/user/ HTTP/1.0" 200 16542
[21/Apr/2022 11:27:48] "GET /admin/jsi18n/ HTTP/1.0" 200 3325
[21/Apr/2022 11:27:48] "GET /admin/jsi18n/ HTTP/1.0" 200 3325
[21/Apr/2022 11:27:57] "GET /admin/auth/user/14/change/ HTTP/1.0" 200 19056
[21/Apr/2022 11:27:57] "GET /admin/jsi18n/ HTTP/1.0" 200 3325
[21/Apr/2022 11:28:02] "GET /admin/auth/user/14/password/ HTTP/1.0" 200 6753
[21/Apr/2022 11:28:06] "POST /admin/auth/user/14/password/ HTTP/1.0" 302 0
[21/Apr/2022 11:28:06] "GET /admin/auth/user/14/change/ HTTP/1.0" 200 19192
[21/Apr/2022 11:28:06] "GET /admin/jsi18n/ HTTP/1.0" 200 3325
[21/Apr/2022 11:28:06] "GET /admin/jsi18n/ HTTP/1.0" 200 3325
[21/Apr/2022 11:28:14] "GET /admin/auth/group/ HTTP/1.0" 200 6892
[21/Apr/2022 11:28:14] "GET /admin/jsi18n/ HTTP/1.0" 200 3325
[21/Apr/2022 11:28:17] "GET /admin/auth/group/add/ HTTP/1.0" 200 11543
[21/Apr/2022 11:28:17] "GET /admin/jsi18n/ HTTP/1.0" 200 3325
[21/Apr/2022 11:28:17] "GET /admin/jsi18n/ HTTP/1.0" 200 3325
[21/Apr/2022 11:28:29] "GET /admin/auth/user/ HTTP/1.0" 200 16542
[21/Apr/2022 11:28:29] "GET /admin/jsi18n/ HTTP/1.0" 200 3325
[21/Apr/2022 11:28:32] "GET /admin/auth/user/7/change/ HTTP/1.0" 200 18989
[21/Apr/2022 11:28:32] "GET /admin/jsi18n/ HTTP/1.0" 200 3325
[21/Apr/2022 11:28:32] "GET /admin/jsi18n/ HTTP/1.0" 200 3325
[21/Apr/2022 11:28:34] "GET /admin/auth/user/7/password/ HTTP/1.0" 200 6732
[21/Apr/2022 11:28:39] "POST /admin/auth/user/7/password/ HTTP/1.0" 302 0
[21/Apr/2022 11:28:39] "GET /admin/auth/user/7/change/ HTTP/1.0" 200 19125
[21/Apr/2022 11:28:39] "GET /admin/jsi18n/ HTTP/1.0" 200 3325
[21/Apr/2022 11:28:48] "GET /admin/logout/ HTTP/1.0" 200 1545
[21/Apr/2022 11:28:50] "GET /admin/ HTTP/1.0" 302 0
[21/Apr/2022 11:28:50] "GET /admin/login/?next=/admin/ HTTP/1.0" 200 2230
[21/Apr/2022 11:28:55] "GET /admin/ HTTP/1.0" 302 0
[21/Apr/2022 11:28:55] "GET /admin/login/?next=/admin/ HTTP/1.0" 200 2230
[21/Apr/2022 11:28:58] "GET / HTTP/1.0" 200 3084
[21/Apr/2022 11:29:03] "POST / HTTP/1.0" 302 0
[21/Apr/2022 11:29:03] "GET /main HTTP/1.0" 200 8068
[21/Apr/2022 11:29:07] "GET /kpis?idY=00 HTTP/1.0" 200 14235
[21/Apr/2022 11:29:11] "GET /kpis?idY=2021 HTTP/1.0" 200 14378
[21/Apr/2022 11:29:22] "GET /kpis?idY=2022 HTTP/1.0" 200 14375
[21/Apr/2022 11:29:31] "GET /kpis?idY=2021 HTTP/1.0" 200 14378
[21/Apr/2022 11:29:46] "GET /kpis?idY=2022 HTTP/1.0" 200 14375
[21/Apr/2022 11:29:55] "GET /reportes?idRep=3&idTipo=1 HTTP/1.0" 200 64535
[21/Apr/2022 11:33:08] "GET / HTTP/1.0" 200 3084
Not Found: /favicon.ico
[21/Apr/2022 11:33:10] "GET /favicon.ico HTTP/1.0" 404 3738
[21/Apr/2022 11:33:30] "POST / HTTP/1.0" 200 3117
[21/Apr/2022 11:33:49] "POST / HTTP/1.0" 200 3117
[21/Apr/2022 11:34:11] "POST / HTTP/1.0" 200 3117
[21/Apr/2022 11:34:21] "POST / HTTP/1.0" 200 3117
[21/Apr/2022 11:35:06] "POST / HTTP/1.0" 200 3117
[21/Apr/2022 11:35:12] "POST / HTTP/1.0" 200 3117
Not Found: /forgot-password.html
[21/Apr/2022 11:35:18] "GET /forgot-password.html HTTP/1.0" 404 3765
[21/Apr/2022 11:35:52] "GET / HTTP/1.0" 200 3084
[21/Apr/2022 11:36:04] "POST / HTTP/1.0" 200 3117
[21/Apr/2022 11:36:14] "GET /admin/ HTTP/1.0" 200 2315
[21/Apr/2022 11:36:23] "GET / HTTP/1.0" 200 3084
[21/Apr/2022 11:36:29] "POST / HTTP/1.0" 200 3117
[21/Apr/2022 11:36:34] "GET /admin/ HTTP/1.0" 200 2315
[21/Apr/2022 11:36:36] "GET /admin/logout/ HTTP/1.0" 200 1545
[21/Apr/2022 11:36:37] "GET /admin/ HTTP/1.0" 302 0
[21/Apr/2022 11:36:37] "GET /admin/login/?next=/admin/ HTTP/1.0" 200 2230
[21/Apr/2022 11:36:41] "POST /admin/login/?next=/admin/ HTTP/1.0" 302 0
[21/Apr/2022 11:36:41] "GET /admin/ HTTP/1.0" 200 7164
[21/Apr/2022 11:36:42] "GET /admin/auth/user/ HTTP/1.0" 200 16542
[21/Apr/2022 11:36:42] "GET /admin/jsi18n/ HTTP/1.0" 200 3325
[21/Apr/2022 11:36:43] "GET /admin/jsi18n/ HTTP/1.0" 200 3325
[21/Apr/2022 11:36:44] "GET /admin/auth/user/14/change/ HTTP/1.0" 200 19092
[21/Apr/2022 11:36:45] "GET /admin/jsi18n/ HTTP/1.0" 200 3325
[21/Apr/2022 11:37:04] "POST /admin/auth/user/14/change/ HTTP/1.0" 302 0
[21/Apr/2022 11:37:04] "GET /admin/auth/user/ HTTP/1.0" 200 16748
[21/Apr/2022 11:37:04] "GET /admin/jsi18n/ HTTP/1.0" 200 3325
[21/Apr/2022 11:37:04] "GET /admin/jsi18n/ HTTP/1.0" 200 3325
[21/Apr/2022 11:37:08] "GET / HTTP/1.0" 200 3084
[21/Apr/2022 11:37:12] "POST / HTTP/1.0" 200 3117
[21/Apr/2022 11:37:16] "GET /main HTTP/1.0" 200 8043
[21/Apr/2022 11:37:24] "GET /logout HTTP/1.0" 302 0
[21/Apr/2022 11:37:24] "GET / HTTP/1.0" 200 3084
[21/Apr/2022 11:37:30] "POST / HTTP/1.0" 200 3117
[21/Apr/2022 11:37:37] "POST / HTTP/1.0" 302 0
[21/Apr/2022 11:37:37] "GET /main HTTP/1.0" 200 8043
[21/Apr/2022 11:37:40] "GET /logout HTTP/1.0" 302 0
[21/Apr/2022 11:37:40] "GET / HTTP/1.0" 200 3084
[21/Apr/2022 11:37:48] "POST / HTTP/1.0" 200 3117
[21/Apr/2022 11:37:52] "GET /main HTTP/1.0" 302 0
[21/Apr/2022 11:37:52] "GET /?next=/main HTTP/1.0" 200 3084
[21/Apr/2022 11:37:57] "GET /admin/ HTTP/1.0" 302 0
[21/Apr/2022 11:37:57] "GET /admin/login/?next=/admin/ HTTP/1.0" 200 2230
[21/Apr/2022 11:38:02] "POST /admin/login/?next=/admin/ HTTP/1.0" 200 2403
[21/Apr/2022 11:38:18] "GET /admin/ HTTP/1.0" 302 0
[21/Apr/2022 11:38:18] "GET /admin/login/?next=/admin/ HTTP/1.0" 200 2230
[21/Apr/2022 11:38:26] "POST /admin/login/?next=/admin/ HTTP/1.0" 200 2393
[21/Apr/2022 11:38:28] "POST /admin/login/?next=/admin/ HTTP/1.0" 302 0
[21/Apr/2022 11:38:28] "GET /admin/ HTTP/1.0" 200 7457
[21/Apr/2022 11:38:34] "GET /admin/auth/user/ HTTP/1.0" 200 16542
[21/Apr/2022 11:38:34] "GET /admin/jsi18n/ HTTP/1.0" 200 3325
[21/Apr/2022 11:38:36] "GET /admin/auth/user/14/change/ HTTP/1.0" 200 19092
[21/Apr/2022 11:38:36] "GET /admin/jsi18n/ HTTP/1.0" 200 3325
[21/Apr/2022 11:38:36] "GET /admin/jsi18n/ HTTP/1.0" 200 3325
[21/Apr/2022 11:38:38] "GET /admin/auth/user/14/password/ HTTP/1.0" 200 6753
[21/Apr/2022 11:38:46] "POST /admin/auth/user/14/password/ HTTP/1.0" 302 0
[21/Apr/2022 11:38:47] "GET /admin/auth/user/14/change/ HTTP/1.0" 200 19228
[21/Apr/2022 11:38:47] "GET /admin/jsi18n/ HTTP/1.0" 200 3325
[21/Apr/2022 11:38:49] "GET /admin/logout/ HTTP/1.0" 200 1545
[21/Apr/2022 11:38:51] "GET /admin/ HTTP/1.0" 302 0
[21/Apr/2022 11:38:51] "GET /admin/login/?next=/admin/ HTTP/1.0" 200 2230
[21/Apr/2022 11:38:55] "POST /admin/login/?next=/admin/ HTTP/1.0" 302 0
[21/Apr/2022 11:38:55] "GET /admin/ HTTP/1.0" 200 2315
[21/Apr/2022 11:38:56] "GET /admin/logout/ HTTP/1.0" 200 1545
[21/Apr/2022 11:38:59] "GET / HTTP/1.0" 200 3084
[21/Apr/2022 11:39:04] "POST / HTTP/1.0" 302 0
[21/Apr/2022 11:39:04] "GET /main HTTP/1.0" 200 8068
[21/Apr/2022 11:39:07] "GET /logout HTTP/1.0" 302 0
[21/Apr/2022 11:39:07] "GET / HTTP/1.0" 200 3084
[21/Apr/2022 11:39:44] "POST / HTTP/1.0" 302 0
[21/Apr/2022 11:39:44] "GET /main HTTP/1.0" 200 8068
[21/Apr/2022 11:41:04] "GET /kpis?idY=00 HTTP/1.0" 200 14235
[21/Apr/2022 11:41:15] "GET /kpis?idY=2021 HTTP/1.0" 200 14378
[21/Apr/2022 11:41:21] "GET /kpis?idY=2022 HTTP/1.0" 200 14375
[21/Apr/2022 11:41:47] "GET /reportes?idRep=3&idTipo=1 HTTP/1.0" 200 64535
[21/Apr/2022 11:42:37] "GET /reportes?idRep=0&idTipo=0 HTTP/1.0" 200 135841
[21/Apr/2022 11:46:41] "GET /kpis?idY=00 HTTP/1.0" 200 14235
[21/Apr/2022 11:46:45] "GET /kpis?idY=2022 HTTP/1.0" 200 14375
[21/Apr/2022 11:55:36] "GET /kpis?idY=2021 HTTP/1.0" 200 14378
[21/Apr/2022 12:02:08] "GET /reportes?idRep=0&idTipo=0 HTTP/1.0" 200 135841
[21/Apr/2022 12:02:20] "GET /reportes?idRep=2&idTipo=2 HTTP/1.0" 200 63317
[21/Apr/2022 18:06:47] "GET / HTTP/1.0" 200 3084
[22/Apr/2022 17:23:21] "GET / HTTP/1.0" 200 3084
[22/Apr/2022 17:27:02] "GET / HTTP/1.0" 200 3084
[26/Apr/2022 19:01:14] "GET / HTTP/1.0" 200 3084
Not Found: /favicon.ico
[26/Apr/2022 19:01:16] "GET /favicon.ico HTTP/1.0" 404 3738
[26/Apr/2022 19:05:39] "GET / HTTP/1.0" 200 3084
Not Found: /favicon.ico
[26/Apr/2022 19:05:47] "GET /favicon.ico HTTP/1.0" 404 3738
[30/Apr/2022 12:24:44] "GET / HTTP/1.0" 200 3084
Not Found: /favicon.ico
[30/Apr/2022 12:24:48] "GET /favicon.ico HTTP/1.0" 404 3738
[02/May/2022 09:32:18] "GET / HTTP/1.0" 200 3084
Not Found: /favicon.ico
[02/May/2022 09:32:20] "GET /favicon.ico HTTP/1.0" 404 3738
Watching for file changes with StatReloader
[02/May/2022 12:43:15] "GET / HTTP/1.0" 200 3084
[02/May/2022 12:43:45] "GET / HTTP/1.0" 200 3084
[02/May/2022 12:52:23] "GET / HTTP/1.0" 200 3084
Not Found: /favicon.ico
[02/May/2022 12:52:24] "GET /favicon.ico HTTP/1.0" 404 3738
[02/May/2022 13:10:11] "GET / HTTP/1.0" 200 3084
Performing system checks...

System check identified no issues (0 silenced).
May 02, 2022 - 12:39:36
Django version 3.2, using settings 'mysite.settings'
Starting development server at http://127.0.0.1:8000/
Quit the server with CONTROL-C.
Watching for file changes with StatReloader
[02/May/2022 16:26:53] "GET / HTTP/1.0" 200 3084
[02/May/2022 16:31:54] "GET / HTTP/1.0" 200 3084
Not Found: /favicon.ico
[02/May/2022 16:35:46] "GET / HTTP/1.0" 200 3084
[02/May/2022 16:35:53] "POST / HTTP/1.0" 200 3117
[02/May/2022 16:35:58] "POST / HTTP/1.0" 302 0
[02/May/2022 16:35:58] "GET /main HTTP/1.0" 200 8043
[02/May/2022 16:36:08] "GET /kpis?idY=00 HTTP/1.0" 200 14210
[02/May/2022 16:36:14] "GET /kpis?idY=2021 HTTP/1.0" 200 14353
[02/May/2022 16:44:07] "GET / HTTP/1.0" 200 3084
[02/May/2022 16:57:44] "GET /sr HTTP/1.0" 200 28704
[02/May/2022 17:03:09] "GET /main HTTP/1.0" 200 8043
Watching for file changes with StatReloader
[03/May/2022 12:36:51] "GET / HTTP/1.0" 200 3084
[03/May/2022 12:36:57] "POST / HTTP/1.0" 200 3117
[03/May/2022 12:37:02] "POST / HTTP/1.0" 302 0
[03/May/2022 12:37:02] "GET /main HTTP/1.0" 200 8043
[03/May/2022 12:37:05] "GET /sr HTTP/1.0" 200 28704
[03/May/2022 12:59:08] "GET /ajax/get_vendors/?id_Categoria=3 HTTP/1.0" 200 392
[03/May/2022 12:59:10] "GET /ajax/get_componentes/?id_Vendor=4 HTTP/1.0" 200 1237
[03/May/2022 13:09:10] "GET /reportes?idRep=3&idTipo=1 HTTP/1.0" 200 64510
[03/May/2022 13:09:28] "GET /kpis?idY=00 HTTP/1.0" 200 14210
[03/May/2022 13:09:34] "GET /kpis?idY=2021 HTTP/1.0" 200 14353
[03/May/2022 13:29:05] "GET /kpis?idY=2021 HTTP/1.0" 200 14353
Watching for file changes with StatReloader
[03/May/2022 13:31:59] "GET /kpis?idY=2021 HTTP/1.0" 200 14353
[03/May/2022 13:32:03] "GET /kpis?idY=2021 HTTP/1.0" 200 14353
[03/May/2022 13:32:05] "GET /kpis?idY=2022 HTTP/1.0" 200 14350
[03/May/2022 13:32:10] "GET /kpis?idY=2021 HTTP/1.0" 200 14353
[03/May/2022 13:44:47] "GET /kpis?idY=2021 HTTP/1.0" 200 14353
/home/mmeneses/Projects/dashboard/mysite/templates/.kpis.html.swp changed, reloading.
Performing system checks...

System check identified no issues (0 silenced).
May 03, 2022 - 13:31:55
Django version 3.2, using settings 'mysite.settings'
Starting development server at http://127.0.0.1:8000/
Quit the server with CONTROL-C.
2021
<RawQuerySet: select 1 as id, count(*) Total, b.NombreVendor from reportinfra_reportefallas a inner join reportinfra_vendor b on a.Vendor_id = b.idVendor where concat(SUBSTRING_INDEX(Fecha, '/', -1)) = '2021' group by NombreVendor>
2021
<RawQuerySet: select 1 as id, count(*) Total, b.NombreVendor from reportinfra_reportefallas a inner join reportinfra_vendor b on a.Vendor_id = b.idVendor where concat(SUBSTRING_INDEX(Fecha, '/', -1)) = '2021' group by NombreVendor>
2022
<RawQuerySet: select 1 as id, count(*) Total, b.NombreVendor from reportinfra_reportefallas a inner join reportinfra_vendor b on a.Vendor_id = b.idVendor where concat(SUBSTRING_INDEX(Fecha, '/', -1)) = '2022' group by NombreVendor>
2021
<RawQuerySet: select 1 as id, count(*) Total, b.NombreVendor from reportinfra_reportefallas a inner join reportinfra_vendor b on a.Vendor_id = b.idVendor where concat(SUBSTRING_INDEX(Fecha, '/', -1)) = '2021' group by NombreVendor>
2021
<RawQuerySet: select 1 as id, count(*) Total, b.NombreVendor from reportinfra_reportefallas a inner join reportinfra_vendor b on a.Vendor_id = b.idVendor where concat(SUBSTRING_INDEX(Fecha, '/', -1)) = '2021' group by NombreVendor>
Watching for file changes with StatReloader
Remmina plugin glibsecret (type=Secret) has registered but not yet initialized/activated. Initialization order is 2000.
[glibsecret] unable to get secret service: Error spawning command line ?dbus-launch --autolaunch= --binary-syntax --close-stderr?: Child process exited with code 1
StatusNotifier/Appindicator support: not supported by desktop. libappindicator will try to fallback to GtkStatusIcon/xembed
Warning: Remmina is running without a secret plugin. Passwords will be saved in a less secure way.

(org.remmina.Remmina:6747): Gtk-WARNING **: 11:28:51.298: gtk_menu_attach_to_widget(): menu already attached to GtkMenuItem

(org.remmina.Remmina:6747): Gtk-WARNING **: 11:28:51.447: Error loading theme icon 'dialog-information' for stock: Icon 'dialog-information' not present in theme Yaru

(org.remmina.Remmina:6747): libappindicator-WARNING **: 11:28:51.773: Unable to get the session bus: Error spawning command line “dbus-launch --autolaunch= --binary-syntax --close-stderr”: Child process exited with code 1

(org.remmina.Remmina:6747): LIBDBUSMENU-GLIB-WARNING **: 11:28:51.773: Unable to get session bus: Error spawning command line “dbus-launch --autolaunch= --binary-syntax --close-stderr”: Child process exited with code 1
[11:28:59:584] [6747:6770] [WARN][com.freerdp.core] - setsockopt() SOL_TCP, TCP_USER_TIMEOUT
[16:09:59:468] [6747:22504] [WARN][com.freerdp.core] - setsockopt() SOL_TCP, TCP_USER_TIMEOUT
[16:09:59:611] [6747:22504] [ERROR][com.freerdp.core] - freerdp_set_last_error ERRCONNECT_PASSWORD_EXPIRED [0x0002000E]
[16:09:59:612] [6747:22504] [ERROR][com.freerdp.core.rdp] - rdp_recv_callback: CONNECTION_STATE_NLA - nla_recv_pdu() fail
[16:09:59:612] [6747:22504] [ERROR][com.freerdp.core.transport] - transport_check_fds: transport->ReceiveCallback() - -1
[16:10:09:630] [6747:22518] [WARN][com.freerdp.core] - setsockopt() SOL_TCP, TCP_USER_TIMEOUT
[16:10:09:664] [6747:22518] [ERROR][com.freerdp.core] - freerdp_set_last_error ERRCONNECT_PASSWORD_EXPIRED [0x0002000E]
[16:10:09:664] [6747:22518] [ERROR][com.freerdp.core.rdp] - rdp_recv_callback: CONNECTION_STATE_NLA - nla_recv_pdu() fail
[16:10:09:664] [6747:22518] [ERROR][com.freerdp.core.transport] - transport_check_fds: transport->ReceiveCallback() - -1
[16:10:13:287] [6747:22526] [WARN][com.freerdp.core] - setsockopt() SOL_TCP, TCP_USER_TIMEOUT
[16:12:15:912] [6747:22656] [WARN][com.freerdp.core] - setsockopt() SOL_TCP, TCP_USER_TIMEOUT
[16:12:16:946] [6747:22656] [ERROR][com.freerdp.core] - freerdp_set_last_error ERRCONNECT_LOGON_FAILURE [0x00020014]
[16:12:16:946] [6747:22656] [ERROR][com.freerdp.core.rdp] - rdp_recv_callback: CONNECTION_STATE_NLA - nla_recv_pdu() fail
[16:12:16:946] [6747:22656] [ERROR][com.freerdp.core.transport] - transport_check_fds: transport->ReceiveCallback() - -1
[16:12:16:994] [6747:22656] [WARN][com.freerdp.core] - setsockopt() SOL_TCP, TCP_USER_TIMEOUT
[16:12:20:906] [6747:22656] [ERROR][com.freerdp.core] - freerdp_set_last_error ERRCONNECT_LOGON_FAILURE [0x00020014]
[16:12:20:906] [6747:22656] [ERROR][com.freerdp.core.rdp] - rdp_recv_callback: CONNECTION_STATE_NLA - nla_recv_pdu() fail
[16:12:20:907] [6747:22656] [ERROR][com.freerdp.core.transport] - transport_check_fds: transport->ReceiveCallback() - -1
[16:12:21:018] [6747:22656] [WARN][com.freerdp.core] - setsockopt() SOL_TCP, TCP_USER_TIMEOUT
[16:12:23:456] [6747:22656] [ERROR][com.freerdp.core] - freerdp_set_last_error ERRCONNECT_NO_OR_MISSING_CREDENTIALS [0x0002001B]
[16:12:23:456] [6747:22656] [ERROR][com.freerdp.core.transport] - NLA begin failed
[16:13:07:601] [6747:22721] [WARN][com.freerdp.core] - setsockopt() SOL_TCP, TCP_USER_TIMEOUT
[17:17:25:897] [6747:22721] [ERROR][com.freerdp.core.transport] - BIO_read returned a system error 0: Success
[17:17:25:897] [6747:22721] [ERROR][com.freerdp.core] - freerdp_check_fds() failed - 0
[17:17:25:939] [6747:22526] [ERROR][com.freerdp.core.transport] - BIO_read returned a system error 0: Success
[17:17:25:940] [6747:22526] [ERROR][com.freerdp.core] - freerdp_check_fds() failed - 0
[17:17:41:886] [6747:22526] [ERROR][com.freerdp.core] - freerdp_set_last_error ERRCONNECT_CONNECT_FAILED [0x00020006]
[17:17:41:887] [6747:22526] [ERROR][com.freerdp.core] - failed to connect to 172.21.81.33
[17:17:41:890] [6747:22721] [ERROR][com.freerdp.core] - freerdp_set_last_error ERRCONNECT_CONNECT_FAILED [0x00020006]
[17:17:41:890] [6747:22721] [ERROR][com.freerdp.core] - failed to connect to 192.168.201.250
[17:17:56:895] [6747:22526] [ERROR][com.freerdp.core] - freerdp_set_last_error ERRCONNECT_CONNECT_FAILED [0x00020006]
[17:17:56:895] [6747:22526] [ERROR][com.freerdp.core] - failed to connect to 172.21.81.33
[17:17:56:913] [6747:22721] [ERROR][com.freerdp.core] - freerdp_set_last_error ERRCONNECT_CONNECT_FAILED [0x00020006]
[17:17:56:913] [6747:22721] [ERROR][com.freerdp.core] - failed to connect to 192.168.201.250
[17:18:11:475] [6747:22721] [WARN][com.freerdp.core] - setsockopt() SOL_TCP, TCP_USER_TIMEOUT
[17:18:11:475] [6747:22721] [ERROR][com.freerdp.core.transport] - BIO_should_retry returned a system error 32: Broken pipe
[17:18:11:476] [6747:22721] [ERROR][com.freerdp.core.nego] - Protocol Security Negotiation Failure
[17:18:11:476] [6747:22721] [ERROR][com.freerdp.core] - freerdp_set_last_error ERRCONNECT_SECURITY_NEGO_CONNECT_FAILED [0x0002000C]
[17:18:11:477] [6747:22721] [ERROR][com.freerdp.core.connection] - Error: protocol security negotiation or connection failure
[17:18:11:552] [6747:22526] [WARN][com.freerdp.core] - setsockopt() SOL_TCP, TCP_USER_TIMEOUT
[17:18:11:552] [6747:22526] [ERROR][com.freerdp.core.transport] - BIO_should_retry returned a system error 32: Broken pipe
[17:18:11:553] [6747:22526] [ERROR][com.freerdp.core.nego] - Protocol Security Negotiation Failure
[17:18:11:553] [6747:22526] [ERROR][com.freerdp.core] - freerdp_set_last_error ERRCONNECT_SECURITY_NEGO_CONNECT_FAILED [0x0002000C]
[17:18:11:553] [6747:22526] [ERROR][com.freerdp.core.connection] - Error: protocol security negotiation or connection failure
[17:18:11:782] [6747:22721] [WARN][com.freerdp.core] - setsockopt() SOL_TCP, TCP_USER_TIMEOUT
[17:18:11:782] [6747:22721] [ERROR][com.freerdp.core.transport] - BIO_should_retry returned a system error 32: Broken pipe
[17:18:11:782] [6747:22721] [ERROR][com.freerdp.core.nego] - Protocol Security Negotiation Failure
[17:18:11:782] [6747:22721] [ERROR][com.freerdp.core] - freerdp_set_last_error ERRCONNECT_SECURITY_NEGO_CONNECT_FAILED [0x0002000C]
[17:18:11:783] [6747:22721] [ERROR][com.freerdp.core.connection] - Error: protocol security negotiation or connection failure
[17:18:11:822] [6747:22526] [WARN][com.freerdp.core] - setsockopt() SOL_TCP, TCP_USER_TIMEOUT
[17:18:11:822] [6747:22526] [ERROR][com.freerdp.core.transport] - BIO_should_retry returned a system error 32: Broken pipe
[17:18:11:822] [6747:22526] [ERROR][com.freerdp.core.nego] - Protocol Security Negotiation Failure
[17:18:11:822] [6747:22526] [ERROR][com.freerdp.core] - freerdp_set_last_error ERRCONNECT_SECURITY_NEGO_CONNECT_FAILED [0x0002000C]
[17:18:11:823] [6747:22526] [ERROR][com.freerdp.core.connection] - Error: protocol security negotiation or connection failure
[17:18:31:900] [6747:22721] [ERROR][com.freerdp.core] - freerdp_set_last_error ERRCONNECT_CONNECT_FAILED [0x00020006]
[17:18:31:900] [6747:22721] [ERROR][com.freerdp.core] - failed to connect to 192.168.201.250
[17:18:32:945] [6747:22526] [ERROR][com.freerdp.core] - freerdp_set_last_error ERRCONNECT_CONNECT_FAILED [0x00020006]
[17:18:32:945] [6747:22526] [ERROR][com.freerdp.core] - failed to connect to 172.21.81.33
[17:18:47:976] [6747:22526] [ERROR][com.freerdp.core] - freerdp_set_last_error ERRCONNECT_CONNECT_FAILED [0x00020006]
[17:18:47:976] [6747:22526] [ERROR][com.freerdp.core] - failed to connect to 172.21.81.33
[17:18:47:977] [6747:22721] [ERROR][com.freerdp.core] - freerdp_set_last_error ERRCONNECT_CONNECT_FAILED [0x00020006]
[17:18:47:977] [6747:22721] [ERROR][com.freerdp.core] - failed to connect to 192.168.201.250
[17:19:02:013] [6747:22526] [ERROR][com.freerdp.core] - freerdp_set_last_error ERRCONNECT_CONNECT_FAILED [0x00020006]
[17:19:02:013] [6747:22526] [ERROR][com.freerdp.core] - failed to connect to 172.21.81.33
[17:19:02:014] [6747:22721] [ERROR][com.freerdp.core] - freerdp_set_last_error ERRCONNECT_CONNECT_FAILED [0x00020006]
[17:19:02:014] [6747:22721] [ERROR][com.freerdp.core] - failed to connect to 192.168.201.250
[17:19:17:023] [6747:22526] [ERROR][com.freerdp.core] - freerdp_set_last_error ERRCONNECT_CONNECT_FAILED [0x00020006]
[17:19:17:023] [6747:22526] [ERROR][com.freerdp.core] - failed to connect to 172.21.81.33
[17:19:17:042] [6747:22721] [ERROR][com.freerdp.core] - freerdp_set_last_error ERRCONNECT_CONNECT_FAILED [0x00020006]
[17:19:17:042] [6747:22721] [ERROR][com.freerdp.core] - failed to connect to 192.168.201.250
[17:19:24:079] [6747:22526] [WARN][com.freerdp.core] - setsockopt() SOL_TCP, TCP_USER_TIMEOUT
[17:19:24:081] [6747:22721] [WARN][com.freerdp.core] - setsockopt() SOL_TCP, TCP_USER_TIMEOUT
[22:03:02:532] [6747:22721] [ERROR][com.freerdp.core.transport] - BIO_read returned a system error 0: Success
[22:03:02:534] [6747:22721] [ERROR][com.freerdp.core] - freerdp_check_fds() failed - 0
[22:03:05:148] [6747:22721] [WARN][com.freerdp.core] - setsockopt() SOL_TCP, TCP_USER_TIMEOUT
[22:03:05:149] [6747:22721] [ERROR][com.freerdp.core.transport] - BIO_should_retry returned a system error 32: Broken pipe
[22:03:05:149] [6747:22721] [ERROR][com.freerdp.core.nego] - Protocol Security Negotiation Failure
[22:03:05:195] [6747:22721] [ERROR][com.freerdp.core] - freerdp_set_last_error ERRCONNECT_SECURITY_NEGO_CONNECT_FAILED [0x0002000C]
[22:03:05:195] [6747:22721] [ERROR][com.freerdp.core.connection] - Error: protocol security negotiation or connection failure
[22:03:08:268] [6747:22721] [WARN][com.freerdp.core] - setsockopt() SOL_TCP, TCP_USER_TIMEOUT
[22:03:08:268] [6747:22721] [ERROR][com.freerdp.core.transport] - BIO_should_retry returned a system error 32: Broken pipe
[22:03:08:268] [6747:22721] [ERROR][com.freerdp.core.nego] - Protocol Security Negotiation Failure
[22:03:08:269] [6747:22721] [ERROR][com.freerdp.core] - freerdp_set_last_error ERRCONNECT_SECURITY_NEGO_CONNECT_FAILED [0x0002000C]
[22:03:08:269] [6747:22721] [ERROR][com.freerdp.core.connection] - Error: protocol security negotiation or connection failure
[09:05:58:941] [6747:22721] [WARN][com.freerdp.core] - setsockopt() SOL_TCP, TCP_USER_TIMEOUT
[09:05:58:942] [6747:22721] [ERROR][com.freerdp.core.transport] - BIO_should_retry returned a system error 32: Broken pipe
[09:05:58:942] [6747:22721] [ERROR][com.freerdp.core.nego] - Protocol Security Negotiation Failure
[09:05:58:942] [6747:22721] [ERROR][com.freerdp.core] - freerdp_set_last_error ERRCONNECT_SECURITY_NEGO_CONNECT_FAILED [0x0002000C]
[09:05:58:942] [6747:22721] [ERROR][com.freerdp.core.connection] - Error: protocol security negotiation or connection failure
[09:06:01:911] [6747:22721] [WARN][com.freerdp.core] - setsockopt() SOL_TCP, TCP_USER_TIMEOUT
[09:06:01:911] [6747:22721] [ERROR][com.freerdp.core.transport] - BIO_should_retry returned a system error 32: Broken pipe
[09:06:01:911] [6747:22721] [ERROR][com.freerdp.core.nego] - Protocol Security Negotiation Failure
[09:06:01:911] [6747:22721] [ERROR][com.freerdp.core] - freerdp_set_last_error ERRCONNECT_SECURITY_NEGO_CONNECT_FAILED [0x0002000C]
[09:06:01:912] [6747:22721] [ERROR][com.freerdp.core.connection] - Error: protocol security negotiation or connection failure
[09:06:03:486] [6747:22721] [WARN][com.freerdp.core] - setsockopt() SOL_TCP, TCP_USER_TIMEOUT
[09:06:03:486] [6747:22721] [ERROR][com.freerdp.core.transport] - BIO_should_retry returned a system error 32: Broken pipe
[09:06:03:487] [6747:22721] [ERROR][com.freerdp.core.nego] - Protocol Security Negotiation Failure
[09:06:03:487] [6747:22721] [ERROR][com.freerdp.core] - freerdp_set_last_error ERRCONNECT_SECURITY_NEGO_CONNECT_FAILED [0x0002000C]
[09:06:03:488] [6747:22721] [ERROR][com.freerdp.core.connection] - Error: protocol security negotiation or connection failure
[09:06:09:951] [6747:22721] [WARN][com.freerdp.core] - setsockopt() SOL_TCP, TCP_USER_TIMEOUT
[09:06:09:952] [6747:22721] [ERROR][com.freerdp.core.transport] - BIO_should_retry returned a system error 32: Broken pipe
[09:06:09:952] [6747:22721] [ERROR][com.freerdp.core.nego] - Protocol Security Negotiation Failure
[09:06:09:952] [6747:22721] [ERROR][com.freerdp.core] - freerdp_set_last_error ERRCONNECT_SECURITY_NEGO_CONNECT_FAILED [0x0002000C]
[09:06:09:952] [6747:22721] [ERROR][com.freerdp.core.connection] - Error: protocol security negotiation or connection failure
[09:06:25:048] [6747:22721] [WARN][com.freerdp.core] - setsockopt() SOL_TCP, TCP_USER_TIMEOUT
[09:06:25:049] [6747:22721] [ERROR][com.freerdp.core.transport] - BIO_should_retry returned a system error 32: Broken pipe
[09:06:25:049] [6747:22721] [ERROR][com.freerdp.core.nego] - Protocol Security Negotiation Failure
[09:06:25:049] [6747:22721] [ERROR][com.freerdp.core] - freerdp_set_last_error ERRCONNECT_SECURITY_NEGO_CONNECT_FAILED [0x0002000C]
[09:06:25:049] [6747:22721] [ERROR][com.freerdp.core.connection] - Error: protocol security negotiation or connection failure
[09:06:40:329] [6747:22721] [ERROR][com.freerdp.core] - freerdp_set_last_error ERRCONNECT_CONNECT_FAILED [0x00020006]
[09:06:40:329] [6747:22721] [ERROR][com.freerdp.core] - failed to connect to 192.168.201.250
[09:06:54:709] [6747:22721] [WARN][com.freerdp.core] - setsockopt() SOL_TCP, TCP_USER_TIMEOUT
[09:06:54:709] [6747:22721] [ERROR][com.freerdp.core.transport] - BIO_should_retry returned a system error 32: Broken pipe
[09:06:54:709] [6747:22721] [ERROR][com.freerdp.core.nego] - Protocol Security Negotiation Failure
[09:06:54:709] [6747:22721] [ERROR][com.freerdp.core] - freerdp_set_last_error ERRCONNECT_SECURITY_NEGO_CONNECT_FAILED [0x0002000C]
[09:06:54:710] [6747:22721] [ERROR][com.freerdp.core.connection] - Error: protocol security negotiation or connection failure
[09:06:55:095] [6747:22721] [WARN][com.freerdp.core] - setsockopt() SOL_TCP, TCP_USER_TIMEOUT
[09:06:55:095] [6747:22721] [ERROR][com.freerdp.core.transport] - BIO_should_retry returned a system error 32: Broken pipe
[09:06:55:095] [6747:22721] [ERROR][com.freerdp.core.nego] - Protocol Security Negotiation Failure
[09:06:55:095] [6747:22721] [ERROR][com.freerdp.core] - freerdp_set_last_error ERRCONNECT_SECURITY_NEGO_CONNECT_FAILED [0x0002000C]
[09:06:55:096] [6747:22721] [ERROR][com.freerdp.core.connection] - Error: protocol security negotiation or connection failure
[09:07:14:151] [6747:22721] [ERROR][com.freerdp.core] - freerdp_set_last_error ERRCONNECT_CONNECT_FAILED [0x00020006]
[09:07:14:151] [6747:22721] [ERROR][com.freerdp.core] - failed to connect to 192.168.201.250
[09:07:29:176] [6747:22721] [ERROR][com.freerdp.core] - freerdp_set_last_error ERRCONNECT_CONNECT_FAILED [0x00020006]
[09:07:29:177] [6747:22721] [ERROR][com.freerdp.core] - failed to connect to 192.168.201.250
[09:07:44:201] [6747:22721] [ERROR][com.freerdp.core] - freerdp_set_last_error ERRCONNECT_CONNECT_FAILED [0x00020006]
[09:07:44:201] [6747:22721] [ERROR][com.freerdp.core] - failed to connect to 192.168.201.250
[09:07:59:222] [6747:22721] [ERROR][com.freerdp.core] - freerdp_set_last_error ERRCONNECT_CONNECT_FAILED [0x00020006]
[09:07:59:222] [6747:22721] [ERROR][com.freerdp.core] - failed to connect to 192.168.201.250
[09:08:14:244] [6747:22721] [ERROR][com.freerdp.core] - freerdp_set_last_error ERRCONNECT_CONNECT_FAILED [0x00020006]
[09:08:14:244] [6747:22721] [ERROR][com.freerdp.core] - failed to connect to 192.168.201.250
[09:08:14:277] [6747:22721] [WARN][com.freerdp.core] - setsockopt() SOL_TCP, TCP_USER_TIMEOUT
[09:40:18:835] [6747:1146] [WARN][com.freerdp.core] - setsockopt() SOL_TCP, TCP_USER_TIMEOUT
[09:40:19:020] [6747:1146] [ERROR][com.freerdp.core] - freerdp_set_last_error ERRCONNECT_LOGON_FAILURE [0x00020014]
[09:40:19:020] [6747:1146] [ERROR][com.freerdp.core.rdp] - rdp_recv_callback: CONNECTION_STATE_NLA - nla_recv_pdu() fail
[09:40:19:020] [6747:1146] [ERROR][com.freerdp.core.transport] - transport_check_fds: transport->ReceiveCallback() - -1
[09:40:19:039] [6747:1146] [WARN][com.freerdp.core] - setsockopt() SOL_TCP, TCP_USER_TIMEOUT
[09:40:22:431] [6747:1146] [ERROR][com.freerdp.core] - freerdp_set_last_error ERRCONNECT_NO_OR_MISSING_CREDENTIALS [0x0002001B]
[09:40:22:431] [6747:1146] [ERROR][com.freerdp.core.transport] - NLA begin failed
[09:40:28:721] [6747:1167] [WARN][com.freerdp.core] - setsockopt() SOL_TCP, TCP_USER_TIMEOUT
[11:28:59:528] [6747:6770] [INFO][com.freerdp.client.common.cmdline] - loading channelEx cliprdr
[11:28:59:528] [6747:6770] [INFO][com.freerdp.client.common.cmdline] - loading channelEx drdynvc
[11:29:00:347] [6747:6770] [INFO][com.freerdp.gdi] - Local framebuffer format  PIXEL_FORMAT_BGRX32
[11:29:00:348] [6747:6770] [INFO][com.freerdp.gdi] - Remote framebuffer format PIXEL_FORMAT_RGB16
[11:29:00:351] [6747:6770] [INFO][com.freerdp.channels.drdynvc.client] - Loading Dynamic Virtual Channel disp
[16:09:59:447] [6747:22504] [INFO][com.freerdp.client.common.cmdline] - loading channelEx cliprdr
[16:09:59:447] [6747:22504] [INFO][com.freerdp.client.common.cmdline] - loading channelEx drdynvc
[16:10:09:622] [6747:22518] [INFO][com.freerdp.client.common.cmdline] - loading channelEx cliprdr
[16:10:09:622] [6747:22518] [INFO][com.freerdp.client.common.cmdline] - loading channelEx drdynvc
[16:10:13:266] [6747:22526] [INFO][com.freerdp.client.common.cmdline] - loading channelEx cliprdr
[16:10:13:266] [6747:22526] [INFO][com.freerdp.client.common.cmdline] - loading channelEx drdynvc
[16:10:13:590] [6747:22526] [INFO][com.freerdp.gdi] - Local framebuffer format  PIXEL_FORMAT_BGRX32
[16:10:13:590] [6747:22526] [INFO][com.freerdp.gdi] - Remote framebuffer format PIXEL_FORMAT_RGB16
[16:10:13:591] [6747:22526] [INFO][com.freerdp.channels.drdynvc.client] - Loading Dynamic Virtual Channel disp
[16:12:15:908] [6747:22656] [INFO][com.freerdp.client.common.cmdline] - loading channelEx cliprdr
[16:12:15:908] [6747:22656] [INFO][com.freerdp.client.common.cmdline] - loading channelEx drdynvc
[16:12:16:952] [6747:22656] [INFO][com.freerdp.client.common.cmdline] - loading channelEx cliprdr
[16:12:16:952] [6747:22656] [INFO][com.freerdp.client.common.cmdline] - loading channelEx drdynvc
[16:12:21:000] [6747:22656] [INFO][com.freerdp.client.common.cmdline] - loading channelEx cliprdr
[16:12:21:000] [6747:22656] [INFO][com.freerdp.client.common.cmdline] - loading channelEx drdynvc
[16:13:07:599] [6747:22721] [INFO][com.freerdp.client.common.cmdline] - loading channelEx cliprdr
[16:13:07:599] [6747:22721] [INFO][com.freerdp.client.common.cmdline] - loading channelEx drdynvc
[16:13:07:718] [6747:22721] [INFO][com.freerdp.gdi] - Local framebuffer format  PIXEL_FORMAT_BGRX32
[16:13:07:719] [6747:22721] [INFO][com.freerdp.gdi] - Remote framebuffer format PIXEL_FORMAT_RGB16
[16:13:07:720] [6747:22721] [INFO][com.freerdp.channels.drdynvc.client] - Loading Dynamic Virtual Channel disp
[17:19:24:205] [6747:22721] [INFO][com.freerdp.channels.drdynvc.client] - Loading Dynamic Virtual Channel disp
[17:19:24:347] [6747:22526] [INFO][com.freerdp.channels.drdynvc.client] - Loading Dynamic Virtual Channel disp
[09:08:14:578] [6747:22721] [INFO][com.freerdp.channels.drdynvc.client] - Loading Dynamic Virtual Channel disp
[09:08:49:730] [6747:22721] [INFO][com.freerdp.core] - ERRINFO_LOGOFF_BY_USER (0x0000000C):The disconnection was initiated by the user logging off their session on the server.
[09:40:18:817] [6747:1146] [INFO][com.freerdp.client.common.cmdline] - loading channelEx cliprdr
[09:40:18:817] [6747:1146] [INFO][com.freerdp.client.common.cmdline] - loading channelEx drdynvc
[09:40:19:030] [6747:1146] [INFO][com.freerdp.client.common.cmdline] - loading channelEx cliprdr
[09:40:19:031] [6747:1146] [INFO][com.freerdp.client.common.cmdline] - loading channelEx drdynvc
[09:40:28:712] [6747:1167] [INFO][com.freerdp.client.common.cmdline] - loading channelEx cliprdr
[09:40:28:712] [6747:1167] [INFO][com.freerdp.client.common.cmdline] - loading channelEx drdynvc
[09:40:28:853] [6747:1167] [INFO][com.freerdp.gdi] - Local framebuffer format  PIXEL_FORMAT_BGRX32
[09:40:28:853] [6747:1167] [INFO][com.freerdp.gdi] - Remote framebuffer format PIXEL_FORMAT_RGB16
[09:40:28:854] [6747:1167] [INFO][com.freerdp.channels.drdynvc.client] - Loading Dynamic Virtual Channel disp
[09:40:56:561] [6747:1167] [INFO][com.freerdp.core] - ERRINFO_LOGOFF_BY_USER (0x0000000C):The disconnection was initiated by the user logging off their session on the server.
[09:41:01:214] [6747:1204] [IN[09:41:01:221] [6747:1204] [WARN][com.freerdp.core] - setsockopt() SOL_TCP, TCP_USER_TIMEOUT
[09:41:01:295] [6747:1204] [ERROR][com.freerdp.core] - freerdp_set_last_error ERRCONNECT_LOGON_FAILURE [0x00020014]
[09:41:01:296] [6747:1204] [ERROR][com.freerdp.core.rdp] - rdp_recv_callback: CONNECTION_STATE_NLA - nla_recv_pdu() fail
[09:41:01:296] [6747:1204] [ERROR][com.freerdp.core.transport] - transport_check_fds: transport->ReceiveCallback() - -1
[09:41:01:312] [6747:1204] [WARN][com.freerdp.core] - setsockopt() SOL_TCP, TCP_USER_TIMEOUT
[10:03:24:483] [6747:2504] [WARN][com.freerdp.core] - setsockopt() SOL_TCP, TCP_USER_TIMEOUT

(org.remmina.Remmina:6747): Gtk-WARNING **: 13:59:05.904: Error loading theme icon 'dialog-information' for stock: Icon 'dialog-information' not present in theme Yaru

(org.remmina.Remmina:6747): Gtk-WARNING **: 13:59:05.984: Error loading theme icon 'dialog-information' for stock: Icon 'dialog-information' not present in theme Yaru
[15:33:34:349] [6747:2504] [ERROR][com.freerdp.core.transport] - BIO_read returned a system error 0: Success
[15:33:34:354] [6747:2504] [ERROR][com.freerdp.core] - freerdp_check_fds() failed - 0
[15:33:34:354] [6747:1204] [ERROR][com.freerdp.core.transport] - BIO_read returned a system error 0: Success
[15:33:34:355] [6747:1204] [ERROR][com.freerdp.core] - freerdp_check_fds() failed - 0
[15:33:35:971] [6747:1204] [WARN][com.freerdp.core] - setsockopt() SOL_TCP, TCP_USER_TIMEOUT
[15:33:35:971] [6747:1204] [ERROR][com.freerdp.core.transport] - BIO_should_retry returned a system error 32: Broken pipe
[15:33:35:972] [6747:1204] [ERROR][com.freerdp.core.nego] - Protocol Security Negotiation Failure
[15:33:35:972] [6747:1204] [ERROR][com.freerdp.core] - freerdp_set_last_error ERRCONNECT_SECURITY_NEGO_CONNECT_FAILED [0x0002000C]
[15:33:35:972] [6747:1204] [ERROR][com.freerdp.core.connection] - Error: protocol security negotiation or connection failure
[15:33:35:073] [6747:2504] [WARN][com.freerdp.core] - setsockopt() SOL_TCP, TCP_USER_TIMEOUT
[15:33:35:073] [6747:2504] [ERROR][com.freerdp.core.transport] - BIO_should_retry returned a system error 32: Broken pipe
[15:33:35:074] [6747:2504] [ERROR][com.freerdp.core.nego] - Protocol Security Negotiation Failure
[15:33:35:074] [6747:2504] [ERROR][com.freerdp.core] - freerdp_set_last_error ERRCONNECT_SECURITY_NEGO_CONNECT_FAILED [0x0002000C]
[15:33:35:074] [6747:2504] [ERROR][com.freerdp.core.connection] - Error: protocol security negotiation or connection failure
[15:33:54:079] [6747:1204] [ERROR][com.freerdp.core] - freerdp_set_last_error ERRCONNECT_CONNECT_FAILED [0x00020006]
[15:33:54:079] [6747:1204] [ERROR][com.freerdp.core] - failed to connect to 192.168.201.249
[15:33:55:984] [6747:2504] [ERROR][com.freerdp.core] - freerdp_set_last_error ERRCONNECT_CONNECT_FAILED [0x00020006]
[15:33:55:984] [6747:2504] [ERROR][com.freerdp.core] - failed to connect to 10.138.201.250
[15:34:09:090] [6747:1204] [ERROR][com.freerdp.core] - freerdp_set_last_error ERRCONNECT_CONNECT_FAILED [0x00020006]
[15:34:09:090] [6747:1204] [ERROR][com.freerdp.core] - failed to connect to 192.168.201.249
[15:34:10:058] [6747:2504] [ERROR][com.freerdp.core] - freerdp_set_last_error ERRCONNECT_CONNECT_FAILED [0x00020006]
[15:34:10:059] [6747:2504] [ERROR][com.freerdp.core] - failed to connect to 10.138.201.250
[15:34:11:640] [6747:1204] [WARN][com.freerdp.core] - setsockopt() SOL_TCP, TCP_USER_TIMEOUT
[15:34:11:640] [6747:1204] [ERROR][com.freerdp.core.transport] - BIO_should_retry returned a system error 32: Broken pipe
[15:34:11:641] [6747:1204] [ERROR][com.freerdp.core.nego] - Protocol Security Negotiation Failure
[15:34:11:641] [6747:1204] [ERROR][com.freerdp.core] - freerdp_set_last_error ERRCONNECT_SECURITY_NEGO_CONNECT_FAILED [0x0002000C]
[15:34:11:641] [6747:1204] [ERROR][com.freerdp.core.connection] - Error: protocol security negotiation or connection failure
[15:34:11:684] [6747:2504] [WARN][com.freerdp.core] - setsockopt() SOL_TCP, TCP_USER_TIMEOUT
[15:34:11:684] [6747:2504] [ERROR][com.freerdp.core.transport] - BIO_should_retry returned a system error 32: Broken pipe
[15:34:11:685] [6747:2504] [ERROR][com.freerdp.core.nego] - Protocol Security Negotiation Failure
[15:34:11:685] [6747:2504] [ERROR][com.freerdp.core] - freerdp_set_last_error ERRCONNECT_SECURITY_NEGO_CONNECT_FAILED [0x0002000C]
[15:34:11:685] [6747:2504] [ERROR][com.freerdp.core.connection] - Error: protocol security negotiation or connection failure
[15:34:24:221] [6747:2504] [WARN][com.freerdp.core] - setsockopt() SOL_TCP, TCP_USER_TIMEOUT
[15:34:24:221] [6747:2504] [ERROR][com.freerdp.core.transport] - BIO_should_retry returned a system error 32: Broken pipe
[15:34:24:221] [6747:2504] [ERROR][com.freerdp.core.nego] - Protocol Security Negotiation Failure
[15:34:24:221] [6747:2504] [ERROR][com.freerdp.core] - freerdp_set_last_error ERRCONNECT_SECURITY_NEGO_CONNECT_FAILED [0x0002000C]
[15:34:24:221] [6747:2504] [ERROR][com.freerdp.core.connection] - Error: protocol security negotiation or connection failure
[15:34:24:294] [6747:1204] [WARN][com.freerdp.core] - setsockopt() SOL_TCP, TCP_USER_TIMEOUT
[15:34:24:365] [6747:1204] [ERROR][com.freerdp.core.transport] - BIO_should_retry returned a system error 32: Broken pipe
[15:34:24:366] [6747:1204] [ERROR][com.freerdp.core.nego] - Protocol Security Negotiation Failure
[15:34:24:366] [6747:1204] [ERROR][com.freerdp.core] - freerdp_set_last_error ERRCONNECT_SECURITY_NEGO_CONNECT_FAILED [0x0002000C]
[15:34:24:366] [6747:1204] [ERROR][com.freerdp.core.connection] - Error: protocol security negotiation or connection failure
[15:34:24:532] [6747:2504] [WARN][com.freerdp.core] - setsockopt() SOL_TCP, TCP_USER_TIMEOUT
[15:34:24:533] [6747:2504] [ERROR][com.freerdp.core.transport] - BIO_should_retry returned a system error 32: Broken pipe
[15:34:24:533] [6747:2504] [ERROR][com.freerdp.core.nego] - Protocol Security Negotiation Failure
[15:34:24:534] [6747:2504] [ERROR][com.freerdp.core] - freerdp_set_last_error ERRCONNECT_SECURITY_NEGO_CONNECT_FAILED [0x0002000C]
[15:34:24:534] [6747:2504] [ERROR][com.freerdp.core.connection] - Error: protocol security negotiation or connection failure
[15:34:24:657] [6747:1204] [WARN][com.freerdp.core] - setsockopt() SOL_TCP, TCP_USER_TIMEOUT
[15:34:24:658] [6747:1204] [ERROR][com.freerdp.core.transport] - BIO_should_retry returned a system error 32: Broken pipe
[15:34:24:658] [6747:1204] [ERROR][com.freerdp.core.nego] - Protocol Security Negotiation Failure
[15:34:24:658] [6747:1204] [ERROR][com.freerdp.core] - freerdp_set_last_error ERRCONNECT_SECURITY_NEGO_CONNECT_FAILED [0x0002000C]
[15:34:24:658] [6747:1204] [ERROR][com.freerdp.core.connection] - Error: protocol security negotiation or connection failure
[15:34:44:780] [6747:2504] [ERROR][com.freerdp.core] - freerdp_set_last_error ERRCONNECT_CONNECT_FAILED [0x00020006]
[15:34:44:780] [6747:2504] [ERROR][com.freerdp.core] - failed to connect to 10.138.201.250
[15:34:44:885] [6747:1204] [ERROR][com.freerdp.core] - freerdp_set_last_error ERRCONNECT_CONNECT_FAILED [0x00020006]
[15:34:44:885] [6747:1204] [ERROR][com.freerdp.core] - failed to connect to 192.168.201.249
[15:35:00:936] [6747:2504] [ERROR][com.freerdp.core] - freerdp_set_last_error ERRCONNECT_CONNECT_FAILED [0x00020006]
[15:35:00:936] [6747:2504] [ERROR][com.freerdp.core] - failed to connect to 10.138.201.250
[15:35:00:965] [6747:1204] [ERROR][com.freerdp.core] - freerdp_set_last_error ERRCONNECT_CONNECT_FAILED [0x00020006]
[15:35:00:965] [6747:1204] [ERROR][com.freerdp.core] - failed to connect to 192.168.201.249
[15:35:15:040] [6747:1204] [ERROR][com.freerdp.core] - freerdp_set_last_error ERRCONNECT_CONNECT_FAILED [0x00020006]
[15:35:15:040] [6747:1204] [ERROR][com.freerdp.core] - failed to connect to 192.168.201.249
[15:35:15:057] [6747:2504] [ERROR][com.freerdp.core] - freerdp_set_last_error ERRCONNECT_CONNECT_FAILED [0x00020006]
[15:35:15:057] [6747:2504] [ERROR][com.freerdp.core] - failed to connect to 10.138.201.250
[15:35:30:222] [6747:1204] [ERROR][com.freerdp.core] - freerdp_set_last_error ERRCONNECT_CONNECT_FAILED [0x00020006]
[15:35:30:222] [6747:1204] [ERROR][com.freerdp.core] - failed to connect to 192.168.201.249
[15:35:30:277] [6747:2504] [ERROR][com.freerdp.core] - freerdp_set_last_error ERRCONNECT_CONNECT_FAILED [0x00020006]
[15:35:30:277] [6747:2504] [ERROR][com.freerdp.core] - failed to connect to 10.138.201.250
[15:35:45:230] [6747:1204] [ERROR][com.freerdp.core] - freerdp_set_last_error ERRCONNECT_CONNECT_FAILED [0x00020006]
[15:35:45:231] [6747:1204] [ERROR][com.freerdp.core] - failed to connect to 192.168.201.249
[15:35:45:328] [6747:2504] [ERROR][com.freerdp.core] - freerdp_set_last_error ERRCONNECT_CONNECT_FAILED [0x00020006]
[15:35:45:329] [6747:2504] [ERROR][com.freerdp.core] - failed to connect to 10.138.201.250
[15:36:00:239] [6747:1204] [ERROR][com.freerdp.core] - freerdp_set_last_error ERRCONNECT_CONNECT_FAILED [0x00020006]
[15:36:00:239] [6747:1204] [ERROR][com.freerdp.core] - failed to connect to 192.168.201.249
[15:36:00:249] [6747:1204] [WARN][com.freerdp.core] - setsockopt() SOL_TCP, TCP_USER_TIMEOUT
[15:36:00:377] [6747:2504] [ERROR][com.freerdp.core] - freerdp_set_last_error ERRCONNECT_CONNECT_FAILED [0x00020006]
[15:36:00:378] [6747:2504] [ERROR][com.freerdp.core] - failed to connect to 10.138.201.250
[15:36:00:470] [6747:2504] [WARN][com.freerdp.core] - setsockopt() SOL_TCP, TCP_USER_TIMEOUT

(org.remmina.Remmina:6747): Gtk-WARNING **: 16:37:16.583: Error loading theme icon 'dialog-information' for stock: Icon 'dialog-information' not present in theme Yaru

(org.remmina.Remmina:6747): Gtk-WARNING **: 16:37:16.855: Error loading theme icon 'dialog-information' for stock: Icon 'dialog-information' not present in theme Yaru
[17:27:33:389] [6747:22580] [WARN][com.freerdp.core] - setsockopt() SOL_TCP, TCP_USER_TIMEOUT

(org.remmina.Remmina:6747): Gtk-WARNING **: 19:01:28.514: gtk_menu_detach(): menu is not attached
Gdk-Message: 19:02:14.864: org.remmina.Remmina: Fatal IO error 11 (Resource temporarily unavailable) on X server :0.

